2024-07-14 16:21:57 - Resolved [org.springframework.web.bind.MethodArgumentNotValidException: Validation failed for argument [0] in public com.ltm.be.payload.response.ResponseData<?> com.ltm.be.controller.UserController.addUser(com.ltm.be.payload.request.UserRequest) with 2 errors: [Field error in object 'userRequest' on field 'ip': rejected value [string]; codes [IP.userRequest.ip,IP.ip,IP.java.lang.String,IP]; arguments [org.springframework.context.support.DefaultMessageSourceResolvable: codes [userRequest.ip,ip]; arguments []; default message [ip]]; default message [IPv4 is not valid]] [Field error in object 'userRequest' on field 'studentCode': rejected value [string]; codes [StudentCode.userRequest.studentCode,StudentCode.studentCode,StudentCode.java.lang.String,StudentCode]; arguments [org.springframework.context.support.DefaultMessageSourceResolvable: codes [userRequest.studentCode,studentCode]; arguments []; default message [studentCode]]; default message [Student code is not valid]] ]
2024-07-14 16:23:02 - Resolved [org.springframework.web.bind.MethodArgumentNotValidException: Validation failed for argument [0] in public com.ltm.be.payload.response.ResponseData<?> com.ltm.be.controller.UserController.addUser(com.ltm.be.payload.request.UserRequest): [Field error in object 'userRequest' on field 'studentCode': rejected value [b20dccn1233]; codes [StudentCode.userRequest.studentCode,StudentCode.studentCode,StudentCode.java.lang.String,StudentCode]; arguments [org.springframework.context.support.DefaultMessageSourceResolvable: codes [userRequest.studentCode,studentCode]; arguments []; default message [studentCode]]; default message [Student code is not valid]] ]
2024-07-14 16:24:00 - Resolved [jakarta.validation.ConstraintViolationException: test.studentCode: Student code is not valid]
2024-07-14 16:40:43 - HikariPool-1 - Shutdown initiated...
2024-07-14 16:40:43 - HikariPool-1 - Shutdown completed.
2024-07-14 16:41:04 - Starting BeApplication using Java 21.0.1 with PID 12856 (C:\Users\QuangHuy\OneDrive - ptit.edu.vn\Desktop\GraduationThesis\Demo\be\target\classes started by QuangHuy in C:\Users\QuangHuy\OneDrive - ptit.edu.vn\Desktop\GraduationThesis\Demo\be)
2024-07-14 16:41:04 - The following 1 profile is active: "dev"
2024-07-14 16:41:10 - Initializing ProtocolHandler ["http-nio-8081"]
2024-07-14 16:41:10 - Starting service [Tomcat]
2024-07-14 16:41:10 - Starting Servlet engine: [Apache Tomcat/10.1.25]
2024-07-14 16:41:10 - Initializing Spring embedded WebApplicationContext
2024-07-14 16:41:11 - HikariPool-1 - Starting...
2024-07-14 16:41:12 - HikariPool-1 - Added connection org.postgresql.jdbc.PgConnection@3882568c
2024-07-14 16:41:12 - HikariPool-1 - Start completed.
2024-07-14 16:41:16 - spring.jpa.open-in-view is enabled by default. Therefore, database queries may be performed during view rendering. Explicitly configure spring.jpa.open-in-view to disable this warning
2024-07-14 16:41:18 - Starting ProtocolHandler ["http-nio-8081"]
2024-07-14 16:41:18 - Started BeApplication in 15.167 seconds (process running for 16.905)
2024-07-14 16:42:00 - Initializing Spring DispatcherServlet 'dispatcherServlet'
2024-07-14 16:42:01 - Init duration for springdoc-openapi is: 1136 ms
2024-07-14 16:44:36 - Resolved [org.springframework.web.bind.MethodArgumentNotValidException: Validation failed for argument [0] in public com.ltm.be.payload.response.ResponseData<?> com.ltm.be.controller.UserController.addUser(com.ltm.be.payload.request.UserRequest): [Field error in object 'userRequest' on field 'studentCode': rejected value [b20dcn123]; codes [StudentCode.userRequest.studentCode,StudentCode.studentCode,StudentCode.java.lang.String,StudentCode]; arguments [org.springframework.context.support.DefaultMessageSourceResolvable: codes [userRequest.studentCode,studentCode]; arguments []; default message [studentCode]]; default message [Student code is not valid]] ]
2024-07-14 16:45:11 - Resolved [jakarta.validation.ConstraintViolationException: test.studentCode: Student code is not valid]
2024-07-14 16:45:25 - Resolved [jakarta.validation.ConstraintViolationException: test.studentCode: Student code is not valid]
2024-07-14 16:51:53 - "Handshake failed due to invalid Upgrade header: null"
2024-07-14 16:53:21 - HikariPool-1 - Shutdown initiated...
2024-07-14 16:53:21 - HikariPool-1 - Shutdown completed.
2024-07-14 16:54:06 - Starting BeApplication using Java 21.0.1 with PID 8544 (C:\Users\QuangHuy\OneDrive - ptit.edu.vn\Desktop\GraduationThesis\Demo\be\target\classes started by QuangHuy in C:\Users\QuangHuy\OneDrive - ptit.edu.vn\Desktop\GraduationThesis\Demo\be)
2024-07-14 16:54:06 - The following 1 profile is active: "dev"
2024-07-14 16:54:14 - Initializing ProtocolHandler ["http-nio-8081"]
2024-07-14 16:54:14 - Starting service [Tomcat]
2024-07-14 16:54:14 - Starting Servlet engine: [Apache Tomcat/10.1.25]
2024-07-14 16:54:14 - Initializing Spring embedded WebApplicationContext
2024-07-14 16:54:17 - HikariPool-1 - Starting...
2024-07-14 16:54:18 - HikariPool-1 - Added connection org.postgresql.jdbc.PgConnection@623bcae0
2024-07-14 16:54:18 - HikariPool-1 - Start completed.
2024-07-14 16:54:21 - SQL Warning Code: 0, SQLState: 00000
2024-07-14 16:54:21 - constraint "uk470iox0je1uel3w7i0r5b4ltr" of relation "user" does not exist, skipping
2024-07-14 16:55:01 - spring.jpa.open-in-view is enabled by default. Therefore, database queries may be performed during view rendering. Explicitly configure spring.jpa.open-in-view to disable this warning
2024-07-14 16:55:18 - Starting BeApplication using Java 21.0.1 with PID 10112 (C:\Users\QuangHuy\OneDrive - ptit.edu.vn\Desktop\GraduationThesis\Demo\be\target\classes started by QuangHuy in C:\Users\QuangHuy\OneDrive - ptit.edu.vn\Desktop\GraduationThesis\Demo\be)
2024-07-14 16:55:18 - The following 1 profile is active: "dev"
2024-07-14 16:55:22 - Initializing ProtocolHandler ["http-nio-8081"]
2024-07-14 16:55:22 - Starting service [Tomcat]
2024-07-14 16:55:22 - Starting Servlet engine: [Apache Tomcat/10.1.25]
2024-07-14 16:55:22 - Initializing Spring embedded WebApplicationContext
2024-07-14 16:55:24 - HikariPool-1 - Starting...
2024-07-14 16:55:24 - HikariPool-1 - Added connection org.postgresql.jdbc.PgConnection@5e105ccb
2024-07-14 16:55:24 - HikariPool-1 - Start completed.
2024-07-14 16:55:29 - spring.jpa.open-in-view is enabled by default. Therefore, database queries may be performed during view rendering. Explicitly configure spring.jpa.open-in-view to disable this warning
2024-07-14 16:55:29 - Starting ProtocolHandler ["http-nio-8081"]
2024-07-14 16:55:29 - Started BeApplication in 12.506 seconds (process running for 13.797)
2024-07-14 16:55:30 - Initializing Spring DispatcherServlet 'dispatcherServlet'
2024-07-14 16:55:30 - "Handshake failed due to invalid Upgrade header: null"
2024-07-14 16:56:29 - HikariPool-1 - Shutdown initiated...
2024-07-14 16:56:29 - HikariPool-1 - Shutdown completed.
2024-07-14 16:56:35 - Starting BeApplication using Java 21.0.1 with PID 9272 (C:\Users\QuangHuy\OneDrive - ptit.edu.vn\Desktop\GraduationThesis\Demo\be\target\classes started by QuangHuy in C:\Users\QuangHuy\OneDrive - ptit.edu.vn\Desktop\GraduationThesis\Demo\be)
2024-07-14 16:56:35 - The following 1 profile is active: "dev"
2024-07-14 16:56:40 - Initializing ProtocolHandler ["http-nio-8081"]
2024-07-14 16:56:40 - Starting service [Tomcat]
2024-07-14 16:56:40 - Starting Servlet engine: [Apache Tomcat/10.1.25]
2024-07-14 16:56:40 - Initializing Spring embedded WebApplicationContext
2024-07-14 16:56:42 - HikariPool-1 - Starting...
2024-07-14 16:56:42 - HikariPool-1 - Added connection org.postgresql.jdbc.PgConnection@4fd468f6
2024-07-14 16:56:42 - HikariPool-1 - Start completed.
2024-07-14 16:56:47 - spring.jpa.open-in-view is enabled by default. Therefore, database queries may be performed during view rendering. Explicitly configure spring.jpa.open-in-view to disable this warning
2024-07-14 16:56:48 - Starting ProtocolHandler ["http-nio-8081"]
2024-07-14 16:56:49 - Started BeApplication in 14.739 seconds (process running for 16.712)
2024-07-14 16:57:55 - Initializing Spring DispatcherServlet 'dispatcherServlet'
2024-07-14 16:57:55 - "Handshake failed due to invalid Upgrade header: null"
2024-07-14 17:04:29 - Init duration for springdoc-openapi is: 1050 ms
2024-07-14 17:04:43 - HikariPool-1 - Shutdown initiated...
2024-07-14 17:04:44 - HikariPool-1 - Shutdown completed.
2024-07-14 17:04:55 - Starting BeApplication using Java 21.0.1 with PID 9108 (C:\Users\QuangHuy\OneDrive - ptit.edu.vn\Desktop\GraduationThesis\Demo\be\target\classes started by QuangHuy in C:\Users\QuangHuy\OneDrive - ptit.edu.vn\Desktop\GraduationThesis\Demo\be)
2024-07-14 17:04:55 - The following 1 profile is active: "dev"
2024-07-14 17:04:59 - Initializing ProtocolHandler ["http-nio-8080"]
2024-07-14 17:04:59 - Starting service [Tomcat]
2024-07-14 17:04:59 - Starting Servlet engine: [Apache Tomcat/10.1.25]
2024-07-14 17:04:59 - Initializing Spring embedded WebApplicationContext
2024-07-14 17:05:01 - HikariPool-1 - Starting...
2024-07-14 17:05:01 - HikariPool-1 - Added connection org.postgresql.jdbc.PgConnection@62380c2
2024-07-14 17:05:01 - HikariPool-1 - Start completed.
2024-07-14 17:05:06 - spring.jpa.open-in-view is enabled by default. Therefore, database queries may be performed during view rendering. Explicitly configure spring.jpa.open-in-view to disable this warning
2024-07-14 17:05:08 - Starting ProtocolHandler ["http-nio-8080"]
2024-07-14 17:05:08 - Started BeApplication in 14.365 seconds (process running for 15.927)
2024-07-14 17:05:13 - Initializing Spring DispatcherServlet 'dispatcherServlet'
2024-07-14 17:09:34 - HikariPool-1 - Shutdown initiated...
2024-07-14 17:09:34 - HikariPool-1 - Shutdown completed.
2024-07-14 17:09:50 - Starting BeApplication using Java 21.0.1 with PID 4500 (C:\Users\QuangHuy\OneDrive - ptit.edu.vn\Desktop\GraduationThesis\Demo\be\target\classes started by QuangHuy in C:\Users\QuangHuy\OneDrive - ptit.edu.vn\Desktop\GraduationThesis\Demo\be)
2024-07-14 17:09:50 - The following 1 profile is active: "dev"
2024-07-14 17:09:56 - Initializing ProtocolHandler ["http-nio-8080"]
2024-07-14 17:09:56 - Starting service [Tomcat]
2024-07-14 17:09:56 - Starting Servlet engine: [Apache Tomcat/10.1.25]
2024-07-14 17:09:56 - Initializing Spring embedded WebApplicationContext
2024-07-14 17:09:59 - HikariPool-1 - Starting...
2024-07-14 17:09:59 - HikariPool-1 - Added connection org.postgresql.jdbc.PgConnection@2b893caa
2024-07-14 17:09:59 - HikariPool-1 - Start completed.
2024-07-14 17:10:09 - spring.jpa.open-in-view is enabled by default. Therefore, database queries may be performed during view rendering. Explicitly configure spring.jpa.open-in-view to disable this warning
2024-07-14 17:10:12 - Starting ProtocolHandler ["http-nio-8080"]
2024-07-14 17:10:12 - Started BeApplication in 23.493 seconds (process running for 25.098)
2024-07-14 17:12:52 - Initializing Spring DispatcherServlet 'dispatcherServlet'
2024-07-14 17:19:26 - "Handshake failed due to invalid Upgrade header: null"
2024-07-14 17:25:30 - HikariPool-1 - Shutdown initiated...
2024-07-14 17:25:30 - HikariPool-1 - Shutdown completed.
2024-07-14 17:25:48 - Starting BeApplication using Java 21.0.1 with PID 14032 (C:\Users\QuangHuy\OneDrive - ptit.edu.vn\Desktop\GraduationThesis\Demo\be\target\classes started by QuangHuy in C:\Users\QuangHuy\OneDrive - ptit.edu.vn\Desktop\GraduationThesis\Demo\be)
2024-07-14 17:25:48 - The following 1 profile is active: "dev"
2024-07-14 17:25:56 - Initializing ProtocolHandler ["http-nio-8080"]
2024-07-14 17:25:56 - Starting service [Tomcat]
2024-07-14 17:25:56 - Starting Servlet engine: [Apache Tomcat/10.1.25]
2024-07-14 17:25:56 - Initializing Spring embedded WebApplicationContext
2024-07-14 17:25:58 - HikariPool-1 - Starting...
2024-07-14 17:25:58 - HikariPool-1 - Added connection org.postgresql.jdbc.PgConnection@29f00666
2024-07-14 17:25:58 - HikariPool-1 - Start completed.
2024-07-14 17:26:04 - spring.jpa.open-in-view is enabled by default. Therefore, database queries may be performed during view rendering. Explicitly configure spring.jpa.open-in-view to disable this warning
2024-07-14 17:26:06 - Starting ProtocolHandler ["http-nio-8080"]
2024-07-14 17:26:06 - Started BeApplication in 18.687 seconds (process running for 20.316)
2024-07-14 17:27:27 - Initializing Spring DispatcherServlet 'dispatcherServlet'
2024-07-14 17:27:28 - "Handshake failed due to invalid Upgrade header: null"
2024-07-14 17:27:38 - "Handshake failed due to invalid Upgrade header: null"
2024-07-14 17:29:58 - HikariPool-1 - Shutdown initiated...
2024-07-14 17:29:58 - HikariPool-1 - Shutdown completed.
2024-07-14 17:30:13 - Starting BeApplication using Java 21.0.1 with PID 6844 (C:\Users\QuangHuy\OneDrive - ptit.edu.vn\Desktop\GraduationThesis\Demo\be\target\classes started by QuangHuy in C:\Users\QuangHuy\OneDrive - ptit.edu.vn\Desktop\GraduationThesis\Demo\be)
2024-07-14 17:30:13 - The following 1 profile is active: "dev"
2024-07-14 17:30:19 - Initializing ProtocolHandler ["http-nio-8080"]
2024-07-14 17:30:19 - Starting service [Tomcat]
2024-07-14 17:30:19 - Starting Servlet engine: [Apache Tomcat/10.1.25]
2024-07-14 17:30:20 - Initializing Spring embedded WebApplicationContext
2024-07-14 17:30:21 - HikariPool-1 - Starting...
2024-07-14 17:30:22 - HikariPool-1 - Added connection org.postgresql.jdbc.PgConnection@2c2521cf
2024-07-14 17:30:22 - HikariPool-1 - Start completed.
2024-07-14 17:30:28 - spring.jpa.open-in-view is enabled by default. Therefore, database queries may be performed during view rendering. Explicitly configure spring.jpa.open-in-view to disable this warning
2024-07-14 17:30:29 - Starting ProtocolHandler ["http-nio-8080"]
2024-07-14 17:30:29 - Started BeApplication in 17.183 seconds (process running for 18.528)
2024-07-14 17:30:29 - Initializing Spring DispatcherServlet 'dispatcherServlet'
2024-07-14 17:44:32 - Stopping ProtocolHandler ["http-nio-8080"]
2024-07-14 17:44:32 - HikariPool-1 - Shutdown initiated...
2024-07-14 17:44:32 - HikariPool-1 - Shutdown completed.
2024-07-14 17:44:32 - Starting BeApplication using Java 21.0.1 with PID 6844 (C:\Users\QuangHuy\OneDrive - ptit.edu.vn\Desktop\GraduationThesis\Demo\be\target\classes started by QuangHuy in C:\Users\QuangHuy\OneDrive - ptit.edu.vn\Desktop\GraduationThesis\Demo\be)
2024-07-14 17:44:32 - The following 1 profile is active: "dev"
2024-07-14 17:44:34 - Initializing ProtocolHandler ["http-nio-8080"]
2024-07-14 17:44:34 - Starting service [Tomcat]
2024-07-14 17:44:34 - Starting Servlet engine: [Apache Tomcat/10.1.25]
2024-07-14 17:44:34 - Initializing Spring embedded WebApplicationContext
2024-07-14 17:44:34 - HikariPool-2 - Starting...
2024-07-14 17:44:34 - HikariPool-2 - Added connection org.postgresql.jdbc.PgConnection@3686733e
2024-07-14 17:44:34 - HikariPool-2 - Start completed.
2024-07-14 17:44:36 - spring.jpa.open-in-view is enabled by default. Therefore, database queries may be performed during view rendering. Explicitly configure spring.jpa.open-in-view to disable this warning
2024-07-14 17:44:36 - Starting ProtocolHandler ["http-nio-8080"]
2024-07-14 17:44:36 - Started BeApplication in 4.471 seconds (process running for 865.885)
2024-07-14 17:45:56 - Initializing Spring DispatcherServlet 'dispatcherServlet'
2024-07-14 18:33:30 - HikariPool-2 - Shutdown initiated...
2024-07-14 18:33:30 - HikariPool-2 - Shutdown completed.
2024-07-14 18:33:43 - Starting BeApplication using Java 21.0.1 with PID 13080 (C:\Users\QuangHuy\OneDrive - ptit.edu.vn\Desktop\GraduationThesis\Demo\be\target\classes started by QuangHuy in C:\Users\QuangHuy\OneDrive - ptit.edu.vn\Desktop\GraduationThesis\Demo\be)
2024-07-14 18:33:43 - The following 1 profile is active: "dev"
2024-07-14 18:33:47 - Initializing ProtocolHandler ["http-nio-8080"]
2024-07-14 18:33:47 - Starting service [Tomcat]
2024-07-14 18:33:47 - Starting Servlet engine: [Apache Tomcat/10.1.25]
2024-07-14 18:33:47 - Initializing Spring embedded WebApplicationContext
2024-07-14 18:33:48 - HikariPool-1 - Starting...
2024-07-14 18:33:49 - HikariPool-1 - Added connection org.postgresql.jdbc.PgConnection@371119cb
2024-07-14 18:33:49 - HikariPool-1 - Start completed.
2024-07-14 18:33:52 - spring.jpa.open-in-view is enabled by default. Therefore, database queries may be performed during view rendering. Explicitly configure spring.jpa.open-in-view to disable this warning
2024-07-14 18:33:53 - Starting ProtocolHandler ["http-nio-8080"]
2024-07-14 18:33:53 - Started BeApplication in 10.395 seconds (process running for 11.708)
2024-07-14 18:34:40 - Initializing Spring DispatcherServlet 'dispatcherServlet'
2024-07-14 20:02:35 - HikariPool-1 - Shutdown initiated...
2024-07-14 20:02:35 - HikariPool-1 - Shutdown completed.
2024-07-14 20:03:01 - Starting BeApplication using Java 21.0.1 with PID 3552 (C:\Users\QuangHuy\OneDrive - ptit.edu.vn\Desktop\GraduationThesis\Demo\be\target\classes started by QuangHuy in C:\Users\QuangHuy\OneDrive - ptit.edu.vn\Desktop\GraduationThesis\Demo\be)
2024-07-14 20:03:01 - The following 1 profile is active: "dev"
2024-07-14 20:03:08 - Initializing ProtocolHandler ["http-nio-8080"]
2024-07-14 20:03:08 - Starting service [Tomcat]
2024-07-14 20:03:08 - Starting Servlet engine: [Apache Tomcat/10.1.25]
2024-07-14 20:03:08 - Initializing Spring embedded WebApplicationContext
2024-07-14 20:03:10 - HikariPool-1 - Starting...
2024-07-14 20:03:10 - HikariPool-1 - Added connection org.postgresql.jdbc.PgConnection@6a421dba
2024-07-14 20:03:10 - HikariPool-1 - Start completed.
2024-07-14 20:03:18 - spring.jpa.open-in-view is enabled by default. Therefore, database queries may be performed during view rendering. Explicitly configure spring.jpa.open-in-view to disable this warning
2024-07-14 20:03:19 - Starting ProtocolHandler ["http-nio-8080"]
2024-07-14 20:03:19 - Started BeApplication in 19.329 seconds (process running for 21.406)
2024-07-14 20:03:46 - Initializing Spring DispatcherServlet 'dispatcherServlet'
2024-07-14 20:03:46 - Resolved [java.lang.NullPointerException: Cannot invoke "com.ltm.be.service.IWebSocketService.sendLog(String)" because "this.webSocketService" is null]
2024-07-14 20:04:04 - HikariPool-1 - Shutdown initiated...
2024-07-14 20:04:04 - HikariPool-1 - Shutdown completed.
2024-07-14 20:04:19 - Starting BeApplication using Java 21.0.1 with PID 15284 (C:\Users\QuangHuy\OneDrive - ptit.edu.vn\Desktop\GraduationThesis\Demo\be\target\classes started by QuangHuy in C:\Users\QuangHuy\OneDrive - ptit.edu.vn\Desktop\GraduationThesis\Demo\be)
2024-07-14 20:04:19 - The following 1 profile is active: "dev"
2024-07-14 20:04:24 - Initializing ProtocolHandler ["http-nio-8080"]
2024-07-14 20:04:24 - Starting service [Tomcat]
2024-07-14 20:04:24 - Starting Servlet engine: [Apache Tomcat/10.1.25]
2024-07-14 20:04:24 - Initializing Spring embedded WebApplicationContext
2024-07-14 20:04:26 - HikariPool-1 - Starting...
2024-07-14 20:04:26 - HikariPool-1 - Added connection org.postgresql.jdbc.PgConnection@5e0cc17c
2024-07-14 20:04:26 - HikariPool-1 - Start completed.
2024-07-14 20:04:30 - spring.jpa.open-in-view is enabled by default. Therefore, database queries may be performed during view rendering. Explicitly configure spring.jpa.open-in-view to disable this warning
2024-07-14 20:04:32 - Starting ProtocolHandler ["http-nio-8080"]
2024-07-14 20:04:32 - Started BeApplication in 13.773 seconds (process running for 15.197)
2024-07-14 20:04:40 - Initializing Spring DispatcherServlet 'dispatcherServlet'
2024-07-14 20:04:40 - {"message": "update-ranking"}
2024-07-14 20:04:52 - {"message": "update-ranking"}
2024-07-14 20:04:55 - {"message": "update-ranking"}
2024-07-14 20:13:59 - {"message": "update-ranking"}
2024-07-14 20:17:06 - Init duration for springdoc-openapi is: 765 ms
2024-07-14 20:20:43 - HikariPool-1 - Shutdown initiated...
2024-07-14 20:20:43 - HikariPool-1 - Shutdown completed.
2024-07-14 20:21:00 - Starting BeApplication using Java 21.0.1 with PID 14616 (C:\Users\QuangHuy\OneDrive - ptit.edu.vn\Desktop\GraduationThesis\Demo\be\target\classes started by QuangHuy in C:\Users\QuangHuy\OneDrive - ptit.edu.vn\Desktop\GraduationThesis\Demo\be)
2024-07-14 20:21:00 - The following 1 profile is active: "dev"
2024-07-14 20:21:06 - Initializing ProtocolHandler ["http-nio-8080"]
2024-07-14 20:21:06 - Starting service [Tomcat]
2024-07-14 20:21:06 - Starting Servlet engine: [Apache Tomcat/10.1.25]
2024-07-14 20:21:06 - Initializing Spring embedded WebApplicationContext
2024-07-14 20:21:08 - HikariPool-1 - Starting...
2024-07-14 20:21:08 - HikariPool-1 - Added connection org.postgresql.jdbc.PgConnection@4223d054
2024-07-14 20:21:08 - HikariPool-1 - Start completed.
2024-07-14 20:21:15 - spring.jpa.open-in-view is enabled by default. Therefore, database queries may be performed during view rendering. Explicitly configure spring.jpa.open-in-view to disable this warning
2024-07-14 20:21:17 - Starting ProtocolHandler ["http-nio-8080"]
2024-07-14 20:21:17 - Started BeApplication in 17.485 seconds (process running for 19.869)
2024-07-14 20:21:56 - Initializing Spring DispatcherServlet 'dispatcherServlet'
2024-07-14 20:34:58 - HikariPool-1 - Shutdown initiated...
2024-07-14 20:34:58 - HikariPool-1 - Shutdown completed.
2024-07-14 20:35:13 - Starting BeApplication using Java 21.0.1 with PID 15028 (C:\Users\QuangHuy\OneDrive - ptit.edu.vn\Desktop\GraduationThesis\Demo\be\target\classes started by QuangHuy in C:\Users\QuangHuy\OneDrive - ptit.edu.vn\Desktop\GraduationThesis\Demo\be)
2024-07-14 20:35:13 - The following 1 profile is active: "dev"
2024-07-14 20:35:17 - Initializing ProtocolHandler ["http-nio-8080"]
2024-07-14 20:35:17 - Starting service [Tomcat]
2024-07-14 20:35:17 - Starting Servlet engine: [Apache Tomcat/10.1.25]
2024-07-14 20:35:17 - Initializing Spring embedded WebApplicationContext
2024-07-14 20:35:19 - HikariPool-1 - Starting...
2024-07-14 20:35:19 - HikariPool-1 - Added connection org.postgresql.jdbc.PgConnection@14ab42ac
2024-07-14 20:35:19 - HikariPool-1 - Start completed.
2024-07-14 20:35:24 - spring.jpa.open-in-view is enabled by default. Therefore, database queries may be performed during view rendering. Explicitly configure spring.jpa.open-in-view to disable this warning
2024-07-14 20:35:25 - Starting ProtocolHandler ["http-nio-8080"]
2024-07-14 20:35:26 - Started BeApplication in 14.043 seconds (process running for 16.065)
2024-07-14 20:35:32 - Initializing Spring DispatcherServlet 'dispatcherServlet'
2024-07-14 20:35:33 - SQL Error: 0, SQLState: 42601
2024-07-14 20:35:33 - ERROR: syntax error at or near "."
  Position: 71
2024-07-14 20:35:33 - Resolved [org.springframework.dao.InvalidDataAccessResourceUsageException: JDBC exception executing SQL [select user_exercise.* from exerciseleft join user_exerciseon exercise.id = user_exercise.exercise_idAND user_exercise.user_id = ?] [ERROR: syntax error at or near "."<EOL>  Position: 71] [n/a]; SQL [n/a]]
2024-07-14 20:35:33 - SQL Error: 0, SQLState: 42601
2024-07-14 20:35:33 - ERROR: syntax error at or near "."
  Position: 71
2024-07-14 20:35:33 - Resolved [org.springframework.dao.InvalidDataAccessResourceUsageException: JDBC exception executing SQL [select user_exercise.* from exerciseleft join user_exerciseon exercise.id = user_exercise.exercise_idAND user_exercise.user_id = ?] [ERROR: syntax error at or near "."<EOL>  Position: 71] [n/a]; SQL [n/a]]
2024-07-14 20:35:43 - Init duration for springdoc-openapi is: 781 ms
2024-07-14 20:35:53 - SQL Error: 0, SQLState: 42601
2024-07-14 20:35:53 - ERROR: syntax error at or near "."
  Position: 71
2024-07-14 20:35:53 - Resolved [org.springframework.dao.InvalidDataAccessResourceUsageException: JDBC exception executing SQL [select user_exercise.* from exerciseleft join user_exerciseon exercise.id = user_exercise.exercise_idAND user_exercise.user_id = ?] [ERROR: syntax error at or near "."<EOL>  Position: 71] [n/a]; SQL [n/a]]
2024-07-14 20:36:20 - HikariPool-1 - Shutdown initiated...
2024-07-14 20:36:20 - HikariPool-1 - Shutdown completed.
2024-07-14 20:36:33 - Starting BeApplication using Java 21.0.1 with PID 13452 (C:\Users\QuangHuy\OneDrive - ptit.edu.vn\Desktop\GraduationThesis\Demo\be\target\classes started by QuangHuy in C:\Users\QuangHuy\OneDrive - ptit.edu.vn\Desktop\GraduationThesis\Demo\be)
2024-07-14 20:36:33 - The following 1 profile is active: "dev"
2024-07-14 20:36:39 - Initializing ProtocolHandler ["http-nio-8080"]
2024-07-14 20:36:39 - Starting service [Tomcat]
2024-07-14 20:36:39 - Starting Servlet engine: [Apache Tomcat/10.1.25]
2024-07-14 20:36:39 - Initializing Spring embedded WebApplicationContext
2024-07-14 20:36:41 - HikariPool-1 - Starting...
2024-07-14 20:36:42 - HikariPool-1 - Added connection org.postgresql.jdbc.PgConnection@4223d054
2024-07-14 20:36:42 - HikariPool-1 - Start completed.
2024-07-14 20:36:46 - spring.jpa.open-in-view is enabled by default. Therefore, database queries may be performed during view rendering. Explicitly configure spring.jpa.open-in-view to disable this warning
2024-07-14 20:36:47 - Starting ProtocolHandler ["http-nio-8080"]
2024-07-14 20:36:47 - Started BeApplication in 15.208 seconds (process running for 17.142)
2024-07-14 20:37:12 - Initializing Spring DispatcherServlet 'dispatcherServlet'
2024-07-14 20:37:13 - Resolved [java.lang.NullPointerException: Cannot invoke "com.ltm.be.entity.UserExerciseEntity.getId()" because "entity" is null]
2024-07-14 20:37:13 - Resolved [java.lang.NullPointerException: Cannot invoke "com.ltm.be.entity.UserExerciseEntity.getId()" because "entity" is null]
2024-07-14 20:39:43 - HikariPool-1 - Shutdown initiated...
2024-07-14 20:39:43 - HikariPool-1 - Shutdown completed.
2024-07-14 20:39:55 - Starting BeApplication using Java 21.0.1 with PID 14744 (C:\Users\QuangHuy\OneDrive - ptit.edu.vn\Desktop\GraduationThesis\Demo\be\target\classes started by QuangHuy in C:\Users\QuangHuy\OneDrive - ptit.edu.vn\Desktop\GraduationThesis\Demo\be)
2024-07-14 20:39:55 - The following 1 profile is active: "dev"
2024-07-14 20:40:03 - Initializing ProtocolHandler ["http-nio-8080"]
2024-07-14 20:40:03 - Starting service [Tomcat]
2024-07-14 20:40:03 - Starting Servlet engine: [Apache Tomcat/10.1.25]
2024-07-14 20:40:03 - Initializing Spring embedded WebApplicationContext
2024-07-14 20:40:06 - HikariPool-1 - Starting...
2024-07-14 20:40:06 - HikariPool-1 - Added connection org.postgresql.jdbc.PgConnection@5bdbf8ca
2024-07-14 20:40:06 - HikariPool-1 - Start completed.
2024-07-14 20:40:13 - spring.jpa.open-in-view is enabled by default. Therefore, database queries may be performed during view rendering. Explicitly configure spring.jpa.open-in-view to disable this warning
2024-07-14 20:40:16 - Starting ProtocolHandler ["http-nio-8080"]
2024-07-14 20:40:16 - Started BeApplication in 21.867 seconds (process running for 24.056)
2024-07-14 20:40:30 - Initializing Spring DispatcherServlet 'dispatcherServlet'
2024-07-14 20:40:33 - Init duration for springdoc-openapi is: 1084 ms
2024-07-14 20:47:17 - HikariPool-1 - Thread starvation or clock leap detected (housekeeper delta=6m10s32ms314µs800ns).
2024-07-14 20:47:17 - Resolved [java.lang.NullPointerException: Cannot invoke "com.ltm.be.entity.UserExerciseEntity.getId()" because "entity" is null]
2024-07-14 20:47:20 - Resolved [java.lang.NullPointerException: Cannot invoke "com.ltm.be.entity.UserExerciseEntity.getId()" because "entity" is null]
2024-07-14 20:47:20 - Resolved [java.lang.NullPointerException: Cannot invoke "com.ltm.be.entity.UserExerciseEntity.getId()" because "entity" is null]
2024-07-14 20:47:20 - HikariPool-1 - Shutdown initiated...
2024-07-14 20:47:20 - HikariPool-1 - Shutdown completed.
2024-07-14 20:47:28 - Starting BeApplication using Java 21.0.1 with PID 8288 (C:\Users\QuangHuy\OneDrive - ptit.edu.vn\Desktop\GraduationThesis\Demo\be\target\classes started by QuangHuy in C:\Users\QuangHuy\OneDrive - ptit.edu.vn\Desktop\GraduationThesis\Demo\be)
2024-07-14 20:47:28 - The following 1 profile is active: "dev"
2024-07-14 20:47:32 - Initializing ProtocolHandler ["http-nio-8080"]
2024-07-14 20:47:32 - Starting service [Tomcat]
2024-07-14 20:47:32 - Starting Servlet engine: [Apache Tomcat/10.1.25]
2024-07-14 20:47:32 - Initializing Spring embedded WebApplicationContext
2024-07-14 20:47:34 - HikariPool-1 - Starting...
2024-07-14 20:47:34 - HikariPool-1 - Added connection org.postgresql.jdbc.PgConnection@4223d054
2024-07-14 20:47:34 - HikariPool-1 - Start completed.
2024-07-14 20:47:39 - spring.jpa.open-in-view is enabled by default. Therefore, database queries may be performed during view rendering. Explicitly configure spring.jpa.open-in-view to disable this warning
2024-07-14 20:47:40 - Starting ProtocolHandler ["http-nio-8080"]
2024-07-14 20:47:40 - Started BeApplication in 13.622 seconds (process running for 15.116)
2024-07-14 20:57:09 - HikariPool-1 - Shutdown initiated...
2024-07-14 20:57:09 - HikariPool-1 - Shutdown completed.
2024-07-14 20:57:24 - Starting BeApplication using Java 21.0.1 with PID 3428 (C:\Users\QuangHuy\OneDrive - ptit.edu.vn\Desktop\GraduationThesis\Demo\be\target\classes started by QuangHuy in C:\Users\QuangHuy\OneDrive - ptit.edu.vn\Desktop\GraduationThesis\Demo\be)
2024-07-14 20:57:24 - The following 1 profile is active: "dev"
2024-07-14 20:57:28 - Initializing ProtocolHandler ["http-nio-8080"]
2024-07-14 20:57:28 - Starting service [Tomcat]
2024-07-14 20:57:28 - Starting Servlet engine: [Apache Tomcat/10.1.25]
2024-07-14 20:57:29 - Initializing Spring embedded WebApplicationContext
2024-07-14 20:57:30 - HikariPool-1 - Starting...
2024-07-14 20:57:30 - HikariPool-1 - Added connection org.postgresql.jdbc.PgConnection@2d51745b
2024-07-14 20:57:30 - HikariPool-1 - Start completed.
2024-07-14 20:57:34 - spring.jpa.open-in-view is enabled by default. Therefore, database queries may be performed during view rendering. Explicitly configure spring.jpa.open-in-view to disable this warning
2024-07-14 20:57:35 - Starting ProtocolHandler ["http-nio-8080"]
2024-07-14 20:57:36 - Started BeApplication in 12.921 seconds (process running for 14.209)
2024-07-14 20:57:37 - Initializing Spring DispatcherServlet 'dispatcherServlet'
2024-07-14 20:57:38 - Init duration for springdoc-openapi is: 849 ms
2024-07-14 20:57:45 - Resolved [java.lang.NullPointerException: Cannot invoke "com.ltm.be.entity.UserExerciseEntity.getId()" because "entity" is null]
2024-07-14 20:58:35 - HikariPool-1 - Shutdown initiated...
2024-07-14 20:58:35 - HikariPool-1 - Shutdown completed.
2024-07-14 20:58:50 - Starting BeApplication using Java 21.0.1 with PID 8824 (C:\Users\QuangHuy\OneDrive - ptit.edu.vn\Desktop\GraduationThesis\Demo\be\target\classes started by QuangHuy in C:\Users\QuangHuy\OneDrive - ptit.edu.vn\Desktop\GraduationThesis\Demo\be)
2024-07-14 20:58:50 - The following 1 profile is active: "dev"
2024-07-14 20:58:54 - Initializing ProtocolHandler ["http-nio-8080"]
2024-07-14 20:58:54 - Starting service [Tomcat]
2024-07-14 20:58:54 - Starting Servlet engine: [Apache Tomcat/10.1.25]
2024-07-14 20:58:54 - Initializing Spring embedded WebApplicationContext
2024-07-14 20:58:56 - HikariPool-1 - Starting...
2024-07-14 20:58:56 - HikariPool-1 - Added connection org.postgresql.jdbc.PgConnection@7f170229
2024-07-14 20:58:56 - HikariPool-1 - Start completed.
2024-07-14 20:58:59 - spring.jpa.open-in-view is enabled by default. Therefore, database queries may be performed during view rendering. Explicitly configure spring.jpa.open-in-view to disable this warning
2024-07-14 20:59:00 - Starting ProtocolHandler ["http-nio-8080"]
2024-07-14 20:59:00 - Started BeApplication in 11.571 seconds (process running for 13.297)
2024-07-14 20:59:10 - Initializing Spring DispatcherServlet 'dispatcherServlet'
2024-07-14 20:59:12 - Init duration for springdoc-openapi is: 884 ms
2024-07-14 20:59:30 - Resolved [java.lang.NullPointerException: Cannot invoke "com.ltm.be.entity.UserExerciseEntity.getId()" because "entity" is null]
2024-07-14 20:59:30 - Resolved [java.lang.NullPointerException: Cannot invoke "com.ltm.be.entity.UserExerciseEntity.getId()" because "entity" is null]
2024-07-14 20:59:59 - HikariPool-1 - Shutdown initiated...
2024-07-14 20:59:59 - HikariPool-1 - Shutdown completed.
2024-07-14 21:00:12 - Starting BeApplication using Java 21.0.1 with PID 15132 (C:\Users\QuangHuy\OneDrive - ptit.edu.vn\Desktop\GraduationThesis\Demo\be\target\classes started by QuangHuy in C:\Users\QuangHuy\OneDrive - ptit.edu.vn\Desktop\GraduationThesis\Demo\be)
2024-07-14 21:00:12 - The following 1 profile is active: "dev"
2024-07-14 21:00:16 - Initializing ProtocolHandler ["http-nio-8080"]
2024-07-14 21:00:16 - Starting service [Tomcat]
2024-07-14 21:00:16 - Starting Servlet engine: [Apache Tomcat/10.1.25]
2024-07-14 21:00:16 - Initializing Spring embedded WebApplicationContext
2024-07-14 21:00:17 - HikariPool-1 - Starting...
2024-07-14 21:00:17 - HikariPool-1 - Added connection org.postgresql.jdbc.PgConnection@5e744061
2024-07-14 21:00:17 - HikariPool-1 - Start completed.
2024-07-14 21:00:22 - spring.jpa.open-in-view is enabled by default. Therefore, database queries may be performed during view rendering. Explicitly configure spring.jpa.open-in-view to disable this warning
2024-07-14 21:00:23 - Starting ProtocolHandler ["http-nio-8080"]
2024-07-14 21:00:23 - Started BeApplication in 11.607 seconds (process running for 12.94)
2024-07-14 21:00:24 - Initializing Spring DispatcherServlet 'dispatcherServlet'
2024-07-14 21:04:00 - HikariPool-1 - Shutdown initiated...
2024-07-14 21:04:00 - HikariPool-1 - Shutdown completed.
2024-07-14 21:04:16 - Starting BeApplication using Java 21.0.1 with PID 5900 (C:\Users\QuangHuy\OneDrive - ptit.edu.vn\Desktop\GraduationThesis\Demo\be\target\classes started by QuangHuy in C:\Users\QuangHuy\OneDrive - ptit.edu.vn\Desktop\GraduationThesis\Demo\be)
2024-07-14 21:04:16 - The following 1 profile is active: "dev"
2024-07-14 21:04:20 - Initializing ProtocolHandler ["http-nio-8080"]
2024-07-14 21:04:20 - Starting service [Tomcat]
2024-07-14 21:04:20 - Starting Servlet engine: [Apache Tomcat/10.1.25]
2024-07-14 21:04:21 - Initializing Spring embedded WebApplicationContext
2024-07-14 21:04:23 - HikariPool-1 - Starting...
2024-07-14 21:04:23 - HikariPool-1 - Added connection org.postgresql.jdbc.PgConnection@667fd0f2
2024-07-14 21:04:23 - HikariPool-1 - Start completed.
2024-07-14 21:04:27 - spring.jpa.open-in-view is enabled by default. Therefore, database queries may be performed during view rendering. Explicitly configure spring.jpa.open-in-view to disable this warning
2024-07-14 21:04:28 - Starting ProtocolHandler ["http-nio-8080"]
2024-07-14 21:04:29 - Started BeApplication in 13.705 seconds (process running for 15.28)
2024-07-14 21:04:41 - Initializing Spring DispatcherServlet 'dispatcherServlet'
2024-07-14 21:38:02 - HikariPool-1 - Shutdown initiated...
2024-07-14 21:38:02 - HikariPool-1 - Shutdown completed.
2024-07-14 21:38:26 - Starting BeApplication using Java 21.0.1 with PID 12880 (C:\Users\QuangHuy\OneDrive - ptit.edu.vn\Desktop\GraduationThesis\Demo\be\target\classes started by QuangHuy in C:\Users\QuangHuy\OneDrive - ptit.edu.vn\Desktop\GraduationThesis\Demo\be)
2024-07-14 21:38:26 - The following 1 profile is active: "dev"
2024-07-14 21:38:30 - Initializing ProtocolHandler ["http-nio-8080"]
2024-07-14 21:38:30 - Starting service [Tomcat]
2024-07-14 21:38:30 - Starting Servlet engine: [Apache Tomcat/10.1.25]
2024-07-14 21:38:30 - Initializing Spring embedded WebApplicationContext
2024-07-14 21:38:31 - HikariPool-1 - Starting...
2024-07-14 21:38:32 - HikariPool-1 - Added connection org.postgresql.jdbc.PgConnection@40cdd9a1
2024-07-14 21:38:32 - HikariPool-1 - Start completed.
2024-07-14 21:38:36 - spring.jpa.open-in-view is enabled by default. Therefore, database queries may be performed during view rendering. Explicitly configure spring.jpa.open-in-view to disable this warning
2024-07-14 21:38:37 - Starting ProtocolHandler ["http-nio-8080"]
2024-07-14 21:38:37 - Started BeApplication in 11.916 seconds (process running for 13.864)
2024-07-14 21:38:37 - Initializing Spring DispatcherServlet 'dispatcherServlet'
2024-07-14 21:38:39 - Init duration for springdoc-openapi is: 1003 ms
2024-07-14 21:42:54 - HikariPool-1 - Shutdown initiated...
2024-07-14 21:42:54 - HikariPool-1 - Shutdown completed.
2024-07-14 21:43:13 - Starting BeApplication using Java 21.0.1 with PID 13816 (C:\Users\QuangHuy\OneDrive - ptit.edu.vn\Desktop\GraduationThesis\Demo\be\target\classes started by QuangHuy in C:\Users\QuangHuy\OneDrive - ptit.edu.vn\Desktop\GraduationThesis\Demo\be)
2024-07-14 21:43:13 - The following 1 profile is active: "dev"
2024-07-14 21:43:20 - Initializing ProtocolHandler ["http-nio-8080"]
2024-07-14 21:43:20 - Starting service [Tomcat]
2024-07-14 21:43:20 - Starting Servlet engine: [Apache Tomcat/10.1.25]
2024-07-14 21:43:20 - Initializing Spring embedded WebApplicationContext
2024-07-14 21:43:22 - HikariPool-1 - Starting...
2024-07-14 21:43:22 - HikariPool-1 - Added connection org.postgresql.jdbc.PgConnection@56ef036d
2024-07-14 21:43:22 - HikariPool-1 - Start completed.
2024-07-14 21:43:28 - spring.jpa.open-in-view is enabled by default. Therefore, database queries may be performed during view rendering. Explicitly configure spring.jpa.open-in-view to disable this warning
2024-07-14 21:43:31 - Starting ProtocolHandler ["http-nio-8080"]
2024-07-14 21:43:31 - Started BeApplication in 18.891 seconds (process running for 20.199)
2024-07-14 21:44:14 - Initializing Spring DispatcherServlet 'dispatcherServlet'
2024-07-14 21:44:43 - HikariPool-1 - Shutdown initiated...
2024-07-14 21:44:43 - HikariPool-1 - Shutdown completed.
2024-07-14 21:45:00 - Starting BeApplication using Java 21.0.1 with PID 13612 (C:\Users\QuangHuy\OneDrive - ptit.edu.vn\Desktop\GraduationThesis\Demo\be\target\classes started by QuangHuy in C:\Users\QuangHuy\OneDrive - ptit.edu.vn\Desktop\GraduationThesis\Demo\be)
2024-07-14 21:45:00 - The following 1 profile is active: "dev"
2024-07-14 21:45:04 - Initializing ProtocolHandler ["http-nio-8080"]
2024-07-14 21:45:04 - Starting service [Tomcat]
2024-07-14 21:45:04 - Starting Servlet engine: [Apache Tomcat/10.1.25]
2024-07-14 21:45:04 - Initializing Spring embedded WebApplicationContext
2024-07-14 21:45:05 - HikariPool-1 - Starting...
2024-07-14 21:45:05 - HikariPool-1 - Added connection org.postgresql.jdbc.PgConnection@309601c4
2024-07-14 21:45:05 - HikariPool-1 - Start completed.
2024-07-14 21:45:08 - spring.jpa.open-in-view is enabled by default. Therefore, database queries may be performed during view rendering. Explicitly configure spring.jpa.open-in-view to disable this warning
2024-07-14 21:45:09 - Starting ProtocolHandler ["http-nio-8080"]
2024-07-14 21:45:09 - Started BeApplication in 10.299 seconds (process running for 11.536)
2024-07-14 21:45:25 - Initializing Spring DispatcherServlet 'dispatcherServlet'
2024-07-14 21:46:39 - HikariPool-1 - Shutdown initiated...
2024-07-14 21:46:39 - HikariPool-1 - Shutdown completed.
2024-07-14 21:46:56 - Starting BeApplication using Java 21.0.1 with PID 12204 (C:\Users\QuangHuy\OneDrive - ptit.edu.vn\Desktop\GraduationThesis\Demo\be\target\classes started by QuangHuy in C:\Users\QuangHuy\OneDrive - ptit.edu.vn\Desktop\GraduationThesis\Demo\be)
2024-07-14 21:46:56 - The following 1 profile is active: "dev"
2024-07-14 21:47:01 - Initializing ProtocolHandler ["http-nio-8080"]
2024-07-14 21:47:01 - Starting service [Tomcat]
2024-07-14 21:47:01 - Starting Servlet engine: [Apache Tomcat/10.1.25]
2024-07-14 21:47:01 - Initializing Spring embedded WebApplicationContext
2024-07-14 21:47:03 - HikariPool-1 - Starting...
2024-07-14 21:47:03 - HikariPool-1 - Added connection org.postgresql.jdbc.PgConnection@6777a579
2024-07-14 21:47:03 - HikariPool-1 - Start completed.
2024-07-14 21:47:10 - spring.jpa.open-in-view is enabled by default. Therefore, database queries may be performed during view rendering. Explicitly configure spring.jpa.open-in-view to disable this warning
2024-07-14 21:47:13 - Starting ProtocolHandler ["http-nio-8080"]
2024-07-14 21:47:13 - Started BeApplication in 17.622 seconds (process running for 19.018)
2024-07-14 21:48:35 - Initializing Spring DispatcherServlet 'dispatcherServlet'
2024-07-14 21:50:09 - HikariPool-1 - Shutdown initiated...
2024-07-14 21:50:09 - HikariPool-1 - Shutdown completed.
2024-07-14 21:50:25 - Starting BeApplication using Java 21.0.1 with PID 14492 (C:\Users\QuangHuy\OneDrive - ptit.edu.vn\Desktop\GraduationThesis\Demo\be\target\classes started by QuangHuy in C:\Users\QuangHuy\OneDrive - ptit.edu.vn\Desktop\GraduationThesis\Demo\be)
2024-07-14 21:50:25 - The following 1 profile is active: "dev"
2024-07-14 21:50:30 - Initializing ProtocolHandler ["http-nio-8080"]
2024-07-14 21:50:30 - Starting service [Tomcat]
2024-07-14 21:50:30 - Starting Servlet engine: [Apache Tomcat/10.1.25]
2024-07-14 21:50:30 - Initializing Spring embedded WebApplicationContext
2024-07-14 21:50:32 - HikariPool-1 - Starting...
2024-07-14 21:50:32 - HikariPool-1 - Added connection org.postgresql.jdbc.PgConnection@6688e384
2024-07-14 21:50:32 - HikariPool-1 - Start completed.
2024-07-14 21:50:35 - SQL Warning Code: 0, SQLState: 00000
2024-07-14 21:50:35 - constraint "ukiwcdyt8mgmc03korjdps3bc1k" of relation "user_exercise" does not exist, skipping
2024-07-14 21:50:37 - spring.jpa.open-in-view is enabled by default. Therefore, database queries may be performed during view rendering. Explicitly configure spring.jpa.open-in-view to disable this warning
2024-07-14 21:50:38 - Starting ProtocolHandler ["http-nio-8080"]
2024-07-14 21:50:38 - Started BeApplication in 13.578 seconds (process running for 15.199)
2024-07-14 21:50:56 - Initializing Spring DispatcherServlet 'dispatcherServlet'
2024-07-14 22:47:07 - HikariPool-1 - Shutdown initiated...
2024-07-14 22:47:07 - HikariPool-1 - Shutdown completed.
2024-07-14 22:48:03 - Starting BeApplication using Java 21.0.1 with PID 5276 (C:\Users\QuangHuy\OneDrive - ptit.edu.vn\Desktop\GraduationThesis\Demo\be\target\classes started by QuangHuy in C:\Users\QuangHuy\OneDrive - ptit.edu.vn\Desktop\GraduationThesis\Demo\be)
2024-07-14 22:48:03 - The following 1 profile is active: "dev"
2024-07-14 22:48:07 - Initializing ProtocolHandler ["http-nio-8080"]
2024-07-14 22:48:07 - Starting service [Tomcat]
2024-07-14 22:48:07 - Starting Servlet engine: [Apache Tomcat/10.1.25]
2024-07-14 22:48:07 - Initializing Spring embedded WebApplicationContext
2024-07-14 22:48:09 - HikariPool-1 - Starting...
2024-07-14 22:48:10 - HikariPool-1 - Added connection org.postgresql.jdbc.PgConnection@f623bd5
2024-07-14 22:48:10 - HikariPool-1 - Start completed.
2024-07-14 22:48:14 - spring.jpa.open-in-view is enabled by default. Therefore, database queries may be performed during view rendering. Explicitly configure spring.jpa.open-in-view to disable this warning
2024-07-14 22:48:15 - Starting ProtocolHandler ["http-nio-8080"]
2024-07-14 22:48:16 - Started BeApplication in 13.719 seconds (process running for 14.859)
2024-07-14 22:48:25 - Initializing Spring DispatcherServlet 'dispatcherServlet'
2024-07-14 22:48:27 - Init duration for springdoc-openapi is: 832 ms
2024-07-14 22:48:49 - HikariPool-1 - Shutdown initiated...
2024-07-14 22:48:49 - HikariPool-1 - Shutdown completed.
2024-07-14 22:49:06 - Starting BeApplication using Java 21.0.1 with PID 11024 (C:\Users\QuangHuy\OneDrive - ptit.edu.vn\Desktop\GraduationThesis\Demo\be\target\classes started by QuangHuy in C:\Users\QuangHuy\OneDrive - ptit.edu.vn\Desktop\GraduationThesis\Demo\be)
2024-07-14 22:49:06 - The following 1 profile is active: "dev"
2024-07-14 22:49:11 - Initializing ProtocolHandler ["http-nio-8080"]
2024-07-14 22:49:11 - Starting service [Tomcat]
2024-07-14 22:49:11 - Starting Servlet engine: [Apache Tomcat/10.1.25]
2024-07-14 22:49:11 - Initializing Spring embedded WebApplicationContext
2024-07-14 22:49:12 - HikariPool-1 - Starting...
2024-07-14 22:49:13 - HikariPool-1 - Added connection org.postgresql.jdbc.PgConnection@243c18b6
2024-07-14 22:49:13 - HikariPool-1 - Start completed.
2024-07-14 22:49:20 - spring.jpa.open-in-view is enabled by default. Therefore, database queries may be performed during view rendering. Explicitly configure spring.jpa.open-in-view to disable this warning
2024-07-14 22:49:22 - Starting ProtocolHandler ["http-nio-8080"]
2024-07-14 22:49:22 - Started BeApplication in 16.762 seconds (process running for 18.183)
2024-07-14 22:50:05 - Initializing Spring DispatcherServlet 'dispatcherServlet'
2024-07-14 22:50:06 - Init duration for springdoc-openapi is: 823 ms
2024-07-14 22:55:30 - HikariPool-1 - Shutdown initiated...
2024-07-14 22:55:30 - HikariPool-1 - Shutdown completed.
2024-07-14 22:55:49 - Starting BeApplication using Java 21.0.1 with PID 14536 (C:\Users\QuangHuy\OneDrive - ptit.edu.vn\Desktop\GraduationThesis\Demo\be\target\classes started by QuangHuy in C:\Users\QuangHuy\OneDrive - ptit.edu.vn\Desktop\GraduationThesis\Demo\be)
2024-07-14 22:55:49 - The following 1 profile is active: "dev"
2024-07-14 22:55:54 - Initializing ProtocolHandler ["http-nio-8080"]
2024-07-14 22:55:54 - Starting service [Tomcat]
2024-07-14 22:55:54 - Starting Servlet engine: [Apache Tomcat/10.1.25]
2024-07-14 22:55:54 - Initializing Spring embedded WebApplicationContext
2024-07-14 22:55:55 - HikariPool-1 - Starting...
2024-07-14 22:55:56 - HikariPool-1 - Added connection org.postgresql.jdbc.PgConnection@31da3a1
2024-07-14 22:55:56 - HikariPool-1 - Start completed.
2024-07-14 22:56:01 - spring.jpa.open-in-view is enabled by default. Therefore, database queries may be performed during view rendering. Explicitly configure spring.jpa.open-in-view to disable this warning
2024-07-14 22:56:03 - Starting ProtocolHandler ["http-nio-8080"]
2024-07-14 22:56:03 - Started BeApplication in 14.404 seconds (process running for 15.782)
2024-07-14 23:06:30 - Initializing Spring DispatcherServlet 'dispatcherServlet'
