2024-07-16 17:49:32 - HikariPool-1 - Shutdown initiated...
2024-07-16 17:49:32 - HikariPool-1 - Shutdown completed.
2024-07-16 17:49:37 - Starting BeApplication using Java 21.0.1 with PID 12220 (C:\Users\QuangHuy\OneDrive - ptit.edu.vn\Desktop\GraduationThesis\Demo\be\target\classes started by QuangHuy in C:\Users\QuangHuy\OneDrive - ptit.edu.vn\Desktop\GraduationThesis\Demo\be)
2024-07-16 17:49:37 - The following 1 profile is active: "dev"
2024-07-16 17:49:41 - Initializing ProtocolHandler ["http-nio-8080"]
2024-07-16 17:49:41 - Starting service [Tomcat]
2024-07-16 17:49:41 - Starting Servlet engine: [Apache Tomcat/10.1.25]
2024-07-16 17:49:41 - Initializing Spring embedded WebApplicationContext
2024-07-16 17:49:43 - HikariPool-1 - Starting...
2024-07-16 17:49:43 - HikariPool-1 - Added connection org.postgresql.jdbc.PgConnection@3cad24ae
2024-07-16 17:49:43 - HikariPool-1 - Start completed.
2024-07-16 17:49:45 - SQL Warning Code: 0, SQLState: 00000
2024-07-16 17:49:45 - relation "submission" does not exist, skipping
2024-07-16 17:49:45 - SQL Warning Code: 0, SQLState: 00000
2024-07-16 17:49:45 - relation "user" does not exist, skipping
2024-07-16 17:49:45 - SQL Warning Code: 0, SQLState: 00000
2024-07-16 17:49:45 - relation "user_exercise" does not exist, skipping
2024-07-16 17:49:45 - SQL Warning Code: 0, SQLState: 00000
2024-07-16 17:49:45 - relation "user_exercise" does not exist, skipping
2024-07-16 17:49:45 - SQL Warning Code: 0, SQLState: 00000
2024-07-16 17:49:45 - table "exercise" does not exist, skipping
2024-07-16 17:49:45 - SQL Warning Code: 0, SQLState: 00000
2024-07-16 17:49:45 - table "role" does not exist, skipping
2024-07-16 17:49:45 - SQL Warning Code: 0, SQLState: 00000
2024-07-16 17:49:45 - table "submission" does not exist, skipping
2024-07-16 17:49:45 - SQL Warning Code: 0, SQLState: 00000
2024-07-16 17:49:45 - table "user" does not exist, skipping
2024-07-16 17:49:45 - SQL Warning Code: 0, SQLState: 00000
2024-07-16 17:49:45 - table "user_exercise" does not exist, skipping
2024-07-16 17:49:46 - spring.jpa.open-in-view is enabled by default. Therefore, database queries may be performed during view rendering. Explicitly configure spring.jpa.open-in-view to disable this warning
2024-07-16 17:49:47 - 

Using generated security password: 713c2c90-d934-4aa6-8529-df60cf280c34

This generated password is for development use only. Your security configuration must be updated before running your application in production.

2024-07-16 17:49:48 - Starting ProtocolHandler ["http-nio-8080"]
2024-07-16 17:49:48 - Started BeApplication in 11.422 seconds (process running for 12.616)
2024-07-16 17:51:05 - Initializing Spring DispatcherServlet 'dispatcherServlet'
2024-07-16 17:56:57 - HikariPool-1 - Shutdown initiated...
2024-07-16 17:56:57 - HikariPool-1 - Shutdown completed.
2024-07-16 17:57:02 - Starting BeApplication using Java 21.0.1 with PID 15680 (C:\Users\QuangHuy\OneDrive - ptit.edu.vn\Desktop\GraduationThesis\Demo\be\target\classes started by QuangHuy in C:\Users\QuangHuy\OneDrive - ptit.edu.vn\Desktop\GraduationThesis\Demo\be)
2024-07-16 17:57:02 - The following 1 profile is active: "dev"
2024-07-16 17:57:09 - Initializing ProtocolHandler ["http-nio-8080"]
2024-07-16 17:57:09 - Starting service [Tomcat]
2024-07-16 17:57:09 - Starting Servlet engine: [Apache Tomcat/10.1.25]
2024-07-16 17:57:09 - Initializing Spring embedded WebApplicationContext
2024-07-16 17:57:11 - HikariPool-1 - Starting...
2024-07-16 17:57:12 - HikariPool-1 - Added connection org.postgresql.jdbc.PgConnection@3cad24ae
2024-07-16 17:57:12 - HikariPool-1 - Start completed.
2024-07-16 17:57:15 - SQL Warning Code: 0, SQLState: 00000
2024-07-16 17:57:15 - relation "submission" does not exist, skipping
2024-07-16 17:57:15 - SQL Warning Code: 0, SQLState: 00000
2024-07-16 17:57:15 - relation "user" does not exist, skipping
2024-07-16 17:57:15 - SQL Warning Code: 0, SQLState: 00000
2024-07-16 17:57:15 - relation "user_exercise" does not exist, skipping
2024-07-16 17:57:15 - SQL Warning Code: 0, SQLState: 00000
2024-07-16 17:57:15 - relation "user_exercise" does not exist, skipping
2024-07-16 17:57:15 - SQL Warning Code: 0, SQLState: 00000
2024-07-16 17:57:15 - table "exercise" does not exist, skipping
2024-07-16 17:57:15 - SQL Warning Code: 0, SQLState: 00000
2024-07-16 17:57:15 - table "role" does not exist, skipping
2024-07-16 17:57:15 - SQL Warning Code: 0, SQLState: 00000
2024-07-16 17:57:15 - table "submission" does not exist, skipping
2024-07-16 17:57:15 - SQL Warning Code: 0, SQLState: 00000
2024-07-16 17:57:15 - table "user" does not exist, skipping
2024-07-16 17:57:15 - SQL Warning Code: 0, SQLState: 00000
2024-07-16 17:57:15 - table "user_exercise" does not exist, skipping
2024-07-16 17:57:18 - spring.jpa.open-in-view is enabled by default. Therefore, database queries may be performed during view rendering. Explicitly configure spring.jpa.open-in-view to disable this warning
2024-07-16 17:57:18 - 

Using generated security password: 3e1ad664-d29f-4207-b76b-1cfb7063a0e6

This generated password is for development use only. Your security configuration must be updated before running your application in production.

2024-07-16 17:57:20 - Starting ProtocolHandler ["http-nio-8080"]
2024-07-16 17:57:20 - Started BeApplication in 18.935 seconds (process running for 20.408)
2024-07-16 17:57:50 - Initializing Spring DispatcherServlet 'dispatcherServlet'
2024-07-16 17:58:29 - HikariPool-1 - Shutdown initiated...
2024-07-16 17:58:29 - HikariPool-1 - Shutdown completed.
2024-07-16 17:58:40 - Starting BeApplication using Java 21.0.1 with PID 15832 (C:\Users\QuangHuy\OneDrive - ptit.edu.vn\Desktop\GraduationThesis\Demo\be\target\classes started by QuangHuy in C:\Users\QuangHuy\OneDrive - ptit.edu.vn\Desktop\GraduationThesis\Demo\be)
2024-07-16 17:58:40 - The following 1 profile is active: "dev"
2024-07-16 17:58:45 - Initializing ProtocolHandler ["http-nio-8080"]
2024-07-16 17:58:45 - Starting service [Tomcat]
2024-07-16 17:58:45 - Starting Servlet engine: [Apache Tomcat/10.1.25]
2024-07-16 17:58:45 - Initializing Spring embedded WebApplicationContext
2024-07-16 17:58:47 - HikariPool-1 - Starting...
2024-07-16 17:58:47 - HikariPool-1 - Added connection org.postgresql.jdbc.PgConnection@77e6761f
2024-07-16 17:58:47 - HikariPool-1 - Start completed.
2024-07-16 17:58:50 - SQL Warning Code: 0, SQLState: 00000
2024-07-16 17:58:50 - relation "submission" does not exist, skipping
2024-07-16 17:58:50 - SQL Warning Code: 0, SQLState: 00000
2024-07-16 17:58:50 - relation "user" does not exist, skipping
2024-07-16 17:58:50 - SQL Warning Code: 0, SQLState: 00000
2024-07-16 17:58:50 - relation "user_exercise" does not exist, skipping
2024-07-16 17:58:50 - SQL Warning Code: 0, SQLState: 00000
2024-07-16 17:58:50 - relation "user_exercise" does not exist, skipping
2024-07-16 17:58:50 - SQL Warning Code: 0, SQLState: 00000
2024-07-16 17:58:50 - table "exercise" does not exist, skipping
2024-07-16 17:58:50 - SQL Warning Code: 0, SQLState: 00000
2024-07-16 17:58:50 - table "role" does not exist, skipping
2024-07-16 17:58:50 - SQL Warning Code: 0, SQLState: 00000
2024-07-16 17:58:50 - table "submission" does not exist, skipping
2024-07-16 17:58:50 - SQL Warning Code: 0, SQLState: 00000
2024-07-16 17:58:50 - table "user" does not exist, skipping
2024-07-16 17:58:50 - SQL Warning Code: 0, SQLState: 00000
2024-07-16 17:58:50 - table "user_exercise" does not exist, skipping
2024-07-16 17:58:52 - spring.jpa.open-in-view is enabled by default. Therefore, database queries may be performed during view rendering. Explicitly configure spring.jpa.open-in-view to disable this warning
2024-07-16 17:58:52 - 

Using generated security password: b173d0bf-b3ee-4d97-80d4-92aa6ba086a3

This generated password is for development use only. Your security configuration must be updated before running your application in production.

2024-07-16 17:58:54 - Starting ProtocolHandler ["http-nio-8080"]
2024-07-16 17:58:54 - Started BeApplication in 14.85 seconds (process running for 16.188)
2024-07-16 17:58:54 - Initializing Spring DispatcherServlet 'dispatcherServlet'
2024-07-16 17:59:28 - HikariPool-1 - Shutdown initiated...
2024-07-16 17:59:28 - HikariPool-1 - Shutdown completed.
2024-07-16 17:59:39 - Starting BeApplication using Java 21.0.1 with PID 14028 (C:\Users\QuangHuy\OneDrive - ptit.edu.vn\Desktop\GraduationThesis\Demo\be\target\classes started by QuangHuy in C:\Users\QuangHuy\OneDrive - ptit.edu.vn\Desktop\GraduationThesis\Demo\be)
2024-07-16 17:59:39 - The following 1 profile is active: "dev"
2024-07-16 17:59:43 - Initializing ProtocolHandler ["http-nio-8080"]
2024-07-16 17:59:43 - Starting service [Tomcat]
2024-07-16 17:59:43 - Starting Servlet engine: [Apache Tomcat/10.1.25]
2024-07-16 17:59:43 - Initializing Spring embedded WebApplicationContext
2024-07-16 17:59:44 - HikariPool-1 - Starting...
2024-07-16 17:59:44 - HikariPool-1 - Added connection org.postgresql.jdbc.PgConnection@404009df
2024-07-16 17:59:44 - HikariPool-1 - Start completed.
2024-07-16 17:59:46 - SQL Warning Code: 0, SQLState: 00000
2024-07-16 17:59:46 - relation "submission" does not exist, skipping
2024-07-16 17:59:46 - SQL Warning Code: 0, SQLState: 00000
2024-07-16 17:59:46 - relation "user" does not exist, skipping
2024-07-16 17:59:46 - SQL Warning Code: 0, SQLState: 00000
2024-07-16 17:59:46 - relation "user_exercise" does not exist, skipping
2024-07-16 17:59:46 - SQL Warning Code: 0, SQLState: 00000
2024-07-16 17:59:46 - relation "user_exercise" does not exist, skipping
2024-07-16 17:59:46 - SQL Warning Code: 0, SQLState: 00000
2024-07-16 17:59:46 - table "exercise" does not exist, skipping
2024-07-16 17:59:46 - SQL Warning Code: 0, SQLState: 00000
2024-07-16 17:59:46 - table "role" does not exist, skipping
2024-07-16 17:59:46 - SQL Warning Code: 0, SQLState: 00000
2024-07-16 17:59:46 - table "submission" does not exist, skipping
2024-07-16 17:59:46 - SQL Warning Code: 0, SQLState: 00000
2024-07-16 17:59:46 - table "user" does not exist, skipping
2024-07-16 17:59:46 - SQL Warning Code: 0, SQLState: 00000
2024-07-16 17:59:46 - table "user_exercise" does not exist, skipping
2024-07-16 17:59:47 - spring.jpa.open-in-view is enabled by default. Therefore, database queries may be performed during view rendering. Explicitly configure spring.jpa.open-in-view to disable this warning
2024-07-16 17:59:47 - 

Using generated security password: 198eb545-5ab8-442e-b4e2-a5597c7ea899

This generated password is for development use only. Your security configuration must be updated before running your application in production.

2024-07-16 17:59:49 - Starting ProtocolHandler ["http-nio-8080"]
2024-07-16 17:59:49 - Started BeApplication in 10.604 seconds (process running for 11.772)
2024-07-16 18:00:00 - Initializing Spring DispatcherServlet 'dispatcherServlet'
2024-07-16 18:00:32 - Resolved [org.springframework.web.HttpRequestMethodNotSupportedException: Request method 'GET' is not supported]
2024-07-16 21:55:08 - HikariPool-1 - Shutdown initiated...
2024-07-16 21:55:08 - HikariPool-1 - Shutdown completed.
