2024-07-17 17:24:27 - Resolved [org.springframework.web.HttpRequestMethodNotSupportedException: Request method 'GET' is not supported]
2024-07-17 17:27:54 - HikariPool-1 - Shutdown initiated...
2024-07-17 17:27:54 - HikariPool-1 - Shutdown completed.
2024-07-17 17:27:58 - Starting BeApplication using Java 21.0.1 with PID 5676 (C:\Users\QuangHuy\OneDrive - ptit.edu.vn\Desktop\GraduationThesis\Demo\be\target\classes started by QuangHuy in C:\Users\QuangHuy\OneDrive - ptit.edu.vn\Desktop\GraduationThesis\Demo\be)
2024-07-17 17:27:58 - The following 1 profile is active: "dev"
2024-07-17 17:28:04 - Initializing ProtocolHandler ["http-nio-8080"]
2024-07-17 17:28:04 - Starting service [Tomcat]
2024-07-17 17:28:04 - Starting Servlet engine: [Apache Tomcat/10.1.25]
2024-07-17 17:28:04 - Initializing Spring embedded WebApplicationContext
2024-07-17 17:28:06 - HikariPool-1 - Starting...
2024-07-17 17:28:07 - HikariPool-1 - Added connection org.postgresql.jdbc.PgConnection@6c9151c1
2024-07-17 17:28:07 - HikariPool-1 - Start completed.
2024-07-17 17:28:13 - spring.jpa.open-in-view is enabled by default. Therefore, database queries may be performed during view rendering. Explicitly configure spring.jpa.open-in-view to disable this warning
2024-07-17 17:28:42 - Starting ProtocolHandler ["http-nio-8080"]
2024-07-17 17:28:42 - Started BeApplication in 44.768 seconds (process running for 46.214)
2024-07-17 17:28:47 - Initializing Spring DispatcherServlet 'dispatcherServlet'
2024-07-17 17:31:38 - HikariPool-1 - Shutdown initiated...
2024-07-17 17:31:38 - HikariPool-1 - Shutdown completed.
2024-07-17 17:31:42 - Starting BeApplication using Java 21.0.1 with PID 14800 (C:\Users\QuangHuy\OneDrive - ptit.edu.vn\Desktop\GraduationThesis\Demo\be\target\classes started by QuangHuy in C:\Users\QuangHuy\OneDrive - ptit.edu.vn\Desktop\GraduationThesis\Demo\be)
2024-07-17 17:31:42 - The following 1 profile is active: "dev"
2024-07-17 17:31:47 - Initializing ProtocolHandler ["http-nio-8080"]
2024-07-17 17:31:47 - Starting service [Tomcat]
2024-07-17 17:31:47 - Starting Servlet engine: [Apache Tomcat/10.1.25]
2024-07-17 17:31:47 - Initializing Spring embedded WebApplicationContext
2024-07-17 17:31:49 - HikariPool-1 - Starting...
2024-07-17 17:31:50 - HikariPool-1 - Added connection org.postgresql.jdbc.PgConnection@4cadd4d4
2024-07-17 17:31:50 - HikariPool-1 - Start completed.
2024-07-17 17:31:57 - spring.jpa.open-in-view is enabled by default. Therefore, database queries may be performed during view rendering. Explicitly configure spring.jpa.open-in-view to disable this warning
2024-07-17 17:33:45 - HikariPool-1 - Thread starvation or clock leap detected (housekeeper delta=1m54s729ms741µs700ns).
2024-07-17 17:34:14 - Starting ProtocolHandler ["http-nio-8080"]
2024-07-17 17:34:14 - Started BeApplication in 153.612 seconds (process running for 155.038)
2024-07-17 17:34:25 - Initializing Spring DispatcherServlet 'dispatcherServlet'
2024-07-17 17:37:37 - HikariPool-1 - Shutdown initiated...
2024-07-17 17:37:37 - HikariPool-1 - Shutdown completed.
2024-07-17 17:37:48 - Starting BeApplication using Java 21.0.1 with PID 9132 (C:\Users\QuangHuy\OneDrive - ptit.edu.vn\Desktop\GraduationThesis\Demo\be\target\classes started by QuangHuy in C:\Users\QuangHuy\OneDrive - ptit.edu.vn\Desktop\GraduationThesis\Demo\be)
2024-07-17 17:37:48 - The following 1 profile is active: "dev"
2024-07-17 17:37:51 - Initializing ProtocolHandler ["http-nio-8080"]
2024-07-17 17:37:51 - Starting service [Tomcat]
2024-07-17 17:37:51 - Starting Servlet engine: [Apache Tomcat/10.1.25]
2024-07-17 17:37:51 - Initializing Spring embedded WebApplicationContext
2024-07-17 17:37:53 - HikariPool-1 - Starting...
2024-07-17 17:37:53 - HikariPool-1 - Added connection org.postgresql.jdbc.PgConnection@51141f64
2024-07-17 17:37:53 - HikariPool-1 - Start completed.
2024-07-17 17:37:57 - spring.jpa.open-in-view is enabled by default. Therefore, database queries may be performed during view rendering. Explicitly configure spring.jpa.open-in-view to disable this warning
2024-07-17 17:37:58 - Starting ProtocolHandler ["http-nio-8080"]
2024-07-17 17:37:58 - Started BeApplication in 11.002 seconds (process running for 12.122)
2024-07-17 17:38:02 - Initializing Spring DispatcherServlet 'dispatcherServlet'
2024-07-17 17:38:04 - Init duration for springdoc-openapi is: 1298 ms
2024-07-17 17:44:20 - HikariPool-1 - Shutdown initiated...
2024-07-17 17:44:20 - HikariPool-1 - Shutdown completed.
2024-07-17 17:44:32 - Starting BeApplication using Java 21.0.1 with PID 5692 (C:\Users\QuangHuy\OneDrive - ptit.edu.vn\Desktop\GraduationThesis\Demo\be\target\classes started by QuangHuy in C:\Users\QuangHuy\OneDrive - ptit.edu.vn\Desktop\GraduationThesis\Demo\be)
2024-07-17 17:44:32 - The following 1 profile is active: "dev"
2024-07-17 17:44:36 - Initializing ProtocolHandler ["http-nio-8080"]
2024-07-17 17:44:36 - Starting service [Tomcat]
2024-07-17 17:44:36 - Starting Servlet engine: [Apache Tomcat/10.1.25]
2024-07-17 17:44:36 - Initializing Spring embedded WebApplicationContext
2024-07-17 17:44:38 - HikariPool-1 - Starting...
2024-07-17 17:44:38 - HikariPool-1 - Added connection org.postgresql.jdbc.PgConnection@be616f0
2024-07-17 17:44:38 - HikariPool-1 - Start completed.
2024-07-17 17:44:42 - spring.jpa.open-in-view is enabled by default. Therefore, database queries may be performed during view rendering. Explicitly configure spring.jpa.open-in-view to disable this warning
2024-07-17 17:44:43 - Starting ProtocolHandler ["http-nio-8080"]
2024-07-17 17:44:43 - Started BeApplication in 11.637 seconds (process running for 12.832)
2024-07-17 17:44:46 - Initializing Spring DispatcherServlet 'dispatcherServlet'
2024-07-17 17:51:32 - HikariPool-1 - Shutdown initiated...
2024-07-17 17:51:32 - HikariPool-1 - Shutdown completed.
2024-07-17 17:51:44 - Starting BeApplication using Java 21.0.1 with PID 4664 (C:\Users\QuangHuy\OneDrive - ptit.edu.vn\Desktop\GraduationThesis\Demo\be\target\classes started by QuangHuy in C:\Users\QuangHuy\OneDrive - ptit.edu.vn\Desktop\GraduationThesis\Demo\be)
2024-07-17 17:51:44 - The following 1 profile is active: "dev"
2024-07-17 17:51:48 - Initializing ProtocolHandler ["http-nio-8080"]
2024-07-17 17:51:48 - Starting service [Tomcat]
2024-07-17 17:51:48 - Starting Servlet engine: [Apache Tomcat/10.1.25]
2024-07-17 17:51:48 - Initializing Spring embedded WebApplicationContext
2024-07-17 17:51:49 - HikariPool-1 - Starting...
2024-07-17 17:51:50 - HikariPool-1 - Added connection org.postgresql.jdbc.PgConnection@be616f0
2024-07-17 17:51:50 - HikariPool-1 - Start completed.
2024-07-17 17:51:54 - spring.jpa.open-in-view is enabled by default. Therefore, database queries may be performed during view rendering. Explicitly configure spring.jpa.open-in-view to disable this warning
2024-07-17 17:51:55 - Starting ProtocolHandler ["http-nio-8080"]
2024-07-17 17:51:55 - Started BeApplication in 10.962 seconds (process running for 12.09)
2024-07-17 17:54:07 - Initializing Spring DispatcherServlet 'dispatcherServlet'
2024-07-17 17:55:26 - Init duration for springdoc-openapi is: 1663 ms
2024-07-17 17:58:13 - Resolved [org.springframework.web.HttpRequestMethodNotSupportedException: Request method 'GET' is not supported]
2024-07-17 17:59:33 - eyJhbGciOiJIUzI1NiJ9.eyJzdWIiOiJiMjBkY2NuMzI3IiwiaWF0IjoxNzIxMjEzOTUyLCJleHAiOjE3MjEzMDAzNTJ9.EpiHUVoxQ2V9_H2VyHIoiItTZtluF2sTnYb8Le7Q8LU
b20dccn327
2024-07-17 18:12:00 - HikariPool-1 - Shutdown initiated...
2024-07-17 18:12:00 - HikariPool-1 - Shutdown completed.
2024-07-17 18:12:13 - Starting BeApplication using Java 21.0.1 with PID 2084 (C:\Users\QuangHuy\OneDrive - ptit.edu.vn\Desktop\GraduationThesis\Demo\be\target\classes started by QuangHuy in C:\Users\QuangHuy\OneDrive - ptit.edu.vn\Desktop\GraduationThesis\Demo\be)
2024-07-17 18:12:13 - The following 1 profile is active: "dev"
2024-07-17 18:12:18 - Initializing ProtocolHandler ["http-nio-8080"]
2024-07-17 18:12:18 - Starting service [Tomcat]
2024-07-17 18:12:18 - Starting Servlet engine: [Apache Tomcat/10.1.25]
2024-07-17 18:12:18 - Initializing Spring embedded WebApplicationContext
2024-07-17 18:12:19 - HikariPool-1 - Starting...
2024-07-17 18:12:19 - HikariPool-1 - Added connection org.postgresql.jdbc.PgConnection@35ceec81
2024-07-17 18:12:19 - HikariPool-1 - Start completed.
2024-07-17 18:12:25 - spring.jpa.open-in-view is enabled by default. Therefore, database queries may be performed during view rendering. Explicitly configure spring.jpa.open-in-view to disable this warning
2024-07-17 18:12:26 - Starting ProtocolHandler ["http-nio-8080"]
2024-07-17 18:12:26 - Started BeApplication in 14.344 seconds (process running for 15.593)
2024-07-17 18:12:27 - Initializing Spring DispatcherServlet 'dispatcherServlet'
2024-07-17 18:13:03 - HikariPool-1 - Shutdown initiated...
2024-07-17 18:13:03 - HikariPool-1 - Shutdown completed.
2024-07-17 18:13:21 - Starting BeApplication using Java 21.0.1 with PID 12228 (C:\Users\QuangHuy\OneDrive - ptit.edu.vn\Desktop\GraduationThesis\Demo\be\target\classes started by QuangHuy in C:\Users\QuangHuy\OneDrive - ptit.edu.vn\Desktop\GraduationThesis\Demo\be)
2024-07-17 18:13:21 - The following 1 profile is active: "dev"
2024-07-17 18:13:26 - Initializing ProtocolHandler ["http-nio-8080"]
2024-07-17 18:13:26 - Starting service [Tomcat]
2024-07-17 18:13:26 - Starting Servlet engine: [Apache Tomcat/10.1.25]
2024-07-17 18:13:26 - Initializing Spring embedded WebApplicationContext
2024-07-17 18:13:27 - HikariPool-1 - Starting...
2024-07-17 18:13:28 - HikariPool-1 - Added connection org.postgresql.jdbc.PgConnection@1f5d7fd5
2024-07-17 18:13:28 - HikariPool-1 - Start completed.
2024-07-17 18:13:34 - spring.jpa.open-in-view is enabled by default. Therefore, database queries may be performed during view rendering. Explicitly configure spring.jpa.open-in-view to disable this warning
2024-07-17 18:13:36 - Starting ProtocolHandler ["http-nio-8080"]
2024-07-17 18:13:36 - Started BeApplication in 15.605 seconds (process running for 16.84)
2024-07-17 18:14:15 - Initializing Spring DispatcherServlet 'dispatcherServlet'
2024-07-17 18:14:38 - HikariPool-1 - Shutdown initiated...
2024-07-17 18:14:38 - HikariPool-1 - Shutdown completed.
2024-07-17 18:14:54 - Starting BeApplication using Java 21.0.1 with PID 9920 (C:\Users\QuangHuy\OneDrive - ptit.edu.vn\Desktop\GraduationThesis\Demo\be\target\classes started by QuangHuy in C:\Users\QuangHuy\OneDrive - ptit.edu.vn\Desktop\GraduationThesis\Demo\be)
2024-07-17 18:14:54 - The following 1 profile is active: "dev"
2024-07-17 18:14:58 - Initializing ProtocolHandler ["http-nio-8080"]
2024-07-17 18:14:58 - Starting service [Tomcat]
2024-07-17 18:14:58 - Starting Servlet engine: [Apache Tomcat/10.1.25]
2024-07-17 18:14:58 - Initializing Spring embedded WebApplicationContext
2024-07-17 18:15:00 - HikariPool-1 - Starting...
2024-07-17 18:15:00 - HikariPool-1 - Added connection org.postgresql.jdbc.PgConnection@2965dd88
2024-07-17 18:15:00 - HikariPool-1 - Start completed.
2024-07-17 18:15:06 - spring.jpa.open-in-view is enabled by default. Therefore, database queries may be performed during view rendering. Explicitly configure spring.jpa.open-in-view to disable this warning
2024-07-17 18:15:08 - Starting ProtocolHandler ["http-nio-8080"]
2024-07-17 18:15:08 - Started BeApplication in 14.498 seconds (process running for 15.789)
2024-07-17 18:15:11 - Initializing Spring DispatcherServlet 'dispatcherServlet'
2024-07-17 18:15:56 - HikariPool-1 - Shutdown initiated...
2024-07-17 18:15:56 - HikariPool-1 - Shutdown completed.
2024-07-17 18:16:17 - Starting BeApplication using Java 21.0.1 with PID 12892 (C:\Users\QuangHuy\OneDrive - ptit.edu.vn\Desktop\GraduationThesis\Demo\be\target\classes started by QuangHuy in C:\Users\QuangHuy\OneDrive - ptit.edu.vn\Desktop\GraduationThesis\Demo\be)
2024-07-17 18:16:17 - The following 1 profile is active: "dev"
2024-07-17 18:16:21 - Initializing ProtocolHandler ["http-nio-8080"]
2024-07-17 18:16:21 - Starting service [Tomcat]
2024-07-17 18:16:21 - Starting Servlet engine: [Apache Tomcat/10.1.25]
2024-07-17 18:16:21 - Initializing Spring embedded WebApplicationContext
2024-07-17 18:16:23 - HikariPool-1 - Starting...
2024-07-17 18:16:23 - HikariPool-1 - Added connection org.postgresql.jdbc.PgConnection@1255de25
2024-07-17 18:16:23 - HikariPool-1 - Start completed.
2024-07-17 18:16:28 - spring.jpa.open-in-view is enabled by default. Therefore, database queries may be performed during view rendering. Explicitly configure spring.jpa.open-in-view to disable this warning
2024-07-17 18:16:30 - Starting ProtocolHandler ["http-nio-8080"]
2024-07-17 18:16:30 - Started BeApplication in 14.357 seconds (process running for 15.959)
2024-07-17 18:16:32 - Initializing Spring DispatcherServlet 'dispatcherServlet'
2024-07-17 18:17:19 - HikariPool-1 - Shutdown initiated...
2024-07-17 18:17:20 - HikariPool-1 - Shutdown completed.
2024-07-17 18:17:41 - Starting BeApplication using Java 21.0.1 with PID 14700 (C:\Users\QuangHuy\OneDrive - ptit.edu.vn\Desktop\GraduationThesis\Demo\be\target\classes started by QuangHuy in C:\Users\QuangHuy\OneDrive - ptit.edu.vn\Desktop\GraduationThesis\Demo\be)
2024-07-17 18:17:41 - The following 1 profile is active: "dev"
2024-07-17 18:17:44 - Initializing ProtocolHandler ["http-nio-8080"]
2024-07-17 18:17:44 - Starting service [Tomcat]
2024-07-17 18:17:44 - Starting Servlet engine: [Apache Tomcat/10.1.25]
2024-07-17 18:17:44 - Initializing Spring embedded WebApplicationContext
2024-07-17 18:17:46 - HikariPool-1 - Starting...
2024-07-17 18:17:46 - HikariPool-1 - Added connection org.postgresql.jdbc.PgConnection@d13379e
2024-07-17 18:17:46 - HikariPool-1 - Start completed.
2024-07-17 18:17:50 - spring.jpa.open-in-view is enabled by default. Therefore, database queries may be performed during view rendering. Explicitly configure spring.jpa.open-in-view to disable this warning
2024-07-17 18:17:51 - Starting ProtocolHandler ["http-nio-8080"]
2024-07-17 18:17:52 - Started BeApplication in 11.798 seconds (process running for 12.88)
2024-07-17 18:18:03 - Initializing Spring DispatcherServlet 'dispatcherServlet'
2024-07-17 18:20:47 - HikariPool-1 - Shutdown initiated...
2024-07-17 18:20:47 - HikariPool-1 - Shutdown completed.
2024-07-17 18:21:02 - Starting BeApplication using Java 21.0.1 with PID 8620 (C:\Users\QuangHuy\OneDrive - ptit.edu.vn\Desktop\GraduationThesis\Demo\be\target\classes started by QuangHuy in C:\Users\QuangHuy\OneDrive - ptit.edu.vn\Desktop\GraduationThesis\Demo\be)
2024-07-17 18:21:02 - The following 1 profile is active: "dev"
2024-07-17 18:21:04 - Exception encountered during context initialization - cancelling refresh attempt: org.springframework.beans.factory.support.BeanDefinitionOverrideException: Invalid bean definition with name 'corsConfigurationSource' defined in class path resource [com/ltm/be/security/SecurityConfiguration.class]: Cannot register bean definition [Root bean: class [null]; scope=; abstract=false; lazyInit=null; autowireMode=3; dependencyCheck=0; autowireCandidate=true; primary=false; factoryBeanName=securityConfiguration; factoryMethodName=corsConfigurationSource; initMethodNames=null; destroyMethodNames=[(inferred)]; defined in class path resource [com/ltm/be/security/SecurityConfiguration.class]] for bean 'corsConfigurationSource' since there is already [Root bean: class [null]; scope=; abstract=false; lazyInit=null; autowireMode=3; dependencyCheck=0; autowireCandidate=true; primary=false; factoryBeanName=appConfig; factoryMethodName=corsConfigurationSource; initMethodNames=null; destroyMethodNames=[(inferred)]; defined in class path resource [com/ltm/be/config/AppConfig.class]] bound.
2024-07-17 18:21:04 - 

***************************
APPLICATION FAILED TO START
***************************

Description:

The bean 'corsConfigurationSource', defined in class path resource [com/ltm/be/security/SecurityConfiguration.class], could not be registered. A bean with that name has already been defined in class path resource [com/ltm/be/config/AppConfig.class] and overriding is disabled.

Action:

Consider renaming one of the beans or enabling overriding by setting spring.main.allow-bean-definition-overriding=true

2024-07-17 18:21:38 - Starting BeApplication using Java 21.0.1 with PID 6168 (C:\Users\QuangHuy\OneDrive - ptit.edu.vn\Desktop\GraduationThesis\Demo\be\target\classes started by QuangHuy in C:\Users\QuangHuy\OneDrive - ptit.edu.vn\Desktop\GraduationThesis\Demo\be)
2024-07-17 18:21:38 - The following 1 profile is active: "dev"
2024-07-17 18:21:42 - Initializing ProtocolHandler ["http-nio-8080"]
2024-07-17 18:21:42 - Starting service [Tomcat]
2024-07-17 18:21:42 - Starting Servlet engine: [Apache Tomcat/10.1.25]
2024-07-17 18:21:42 - Initializing Spring embedded WebApplicationContext
2024-07-17 18:21:43 - HikariPool-1 - Starting...
2024-07-17 18:21:44 - HikariPool-1 - Added connection org.postgresql.jdbc.PgConnection@38e46765
2024-07-17 18:21:44 - HikariPool-1 - Start completed.
2024-07-17 18:21:48 - spring.jpa.open-in-view is enabled by default. Therefore, database queries may be performed during view rendering. Explicitly configure spring.jpa.open-in-view to disable this warning
2024-07-17 18:21:49 - Starting ProtocolHandler ["http-nio-8080"]
2024-07-17 18:21:49 - Started BeApplication in 11.444 seconds (process running for 12.478)
2024-07-17 18:21:58 - Initializing Spring DispatcherServlet 'dispatcherServlet'
2024-07-17 18:22:23 - eyJhbGciOiJIUzI1NiJ9.eyJzdWIiOiJiMjBkY2NuOTEyIiwiaWF0IjoxNzIxMjEwNjM3LCJleHAiOjE3MjEyOTcwMzd9.6Kl1mP3H6NFykMHuYBg8ASHjbeLmcg1wtit4N_l4TO8
b20dccn912
2024-07-17 18:26:06 - HikariPool-1 - Shutdown initiated...
2024-07-17 18:26:06 - HikariPool-1 - Shutdown completed.
2024-07-17 18:26:22 - Starting BeApplication using Java 21.0.1 with PID 14984 (C:\Users\QuangHuy\OneDrive - ptit.edu.vn\Desktop\GraduationThesis\Demo\be\target\classes started by QuangHuy in C:\Users\QuangHuy\OneDrive - ptit.edu.vn\Desktop\GraduationThesis\Demo\be)
2024-07-17 18:26:22 - The following 1 profile is active: "dev"
2024-07-17 18:26:26 - Initializing ProtocolHandler ["http-nio-8080"]
2024-07-17 18:26:26 - Starting service [Tomcat]
2024-07-17 18:26:26 - Starting Servlet engine: [Apache Tomcat/10.1.25]
2024-07-17 18:26:26 - Initializing Spring embedded WebApplicationContext
2024-07-17 18:26:27 - HikariPool-1 - Starting...
2024-07-17 18:26:27 - HikariPool-1 - Added connection org.postgresql.jdbc.PgConnection@3221588e
2024-07-17 18:26:27 - HikariPool-1 - Start completed.
2024-07-17 18:26:31 - spring.jpa.open-in-view is enabled by default. Therefore, database queries may be performed during view rendering. Explicitly configure spring.jpa.open-in-view to disable this warning
2024-07-17 18:26:32 - Starting ProtocolHandler ["http-nio-8080"]
2024-07-17 18:26:32 - Started BeApplication in 11.504 seconds (process running for 12.502)
2024-07-17 18:26:38 - Initializing Spring DispatcherServlet 'dispatcherServlet'
2024-07-17 18:26:38 - eyJhbGciOiJIUzI1NiJ9.eyJzdWIiOiJiMjBkY2NuOTEyIiwiaWF0IjoxNzIxMjEwNjM3LCJleHAiOjE3MjEyOTcwMzd9.6Kl1mP3H6NFykMHuYBg8ASHjbeLmcg1wtit4N_l4TO8
b20dccn912
2024-07-17 18:26:47 - eyJhbGciOiJIUzI1NiJ9.eyJzdWIiOiJiMjBkY2NuOTEyIiwiaWF0IjoxNzIxMjEwNjM3LCJleHAiOjE3MjEyOTcwMzd9.6Kl1mP3H6NFykMHuYBg8ASHjbeLmcg1wtit4N_l4TO8
b20dccn912
2024-07-17 18:26:48 - eyJhbGciOiJIUzI1NiJ9.eyJzdWIiOiJiMjBkY2NuOTEyIiwiaWF0IjoxNzIxMjEwNjM3LCJleHAiOjE3MjEyOTcwMzd9.6Kl1mP3H6NFykMHuYBg8ASHjbeLmcg1wtit4N_l4TO8
b20dccn912
2024-07-17 18:26:54 - eyJhbGciOiJIUzI1NiJ9.eyJzdWIiOiJiMjBkY2NuOTEyIiwiaWF0IjoxNzIxMjEwNjM3LCJleHAiOjE3MjEyOTcwMzd9.6Kl1mP3H6NFykMHuYBg8ASHjbeLmcg1wtit4N_l4TO8
b20dccn912
2024-07-17 18:27:38 - HikariPool-1 - Shutdown initiated...
2024-07-17 18:27:38 - HikariPool-1 - Shutdown completed.
2024-07-17 18:27:54 - Starting BeApplication using Java 21.0.1 with PID 2580 (C:\Users\QuangHuy\OneDrive - ptit.edu.vn\Desktop\GraduationThesis\Demo\be\target\classes started by QuangHuy in C:\Users\QuangHuy\OneDrive - ptit.edu.vn\Desktop\GraduationThesis\Demo\be)
2024-07-17 18:27:54 - The following 1 profile is active: "dev"
2024-07-17 18:27:57 - Initializing ProtocolHandler ["http-nio-8080"]
2024-07-17 18:27:57 - Starting service [Tomcat]
2024-07-17 18:27:57 - Starting Servlet engine: [Apache Tomcat/10.1.25]
2024-07-17 18:27:58 - Initializing Spring embedded WebApplicationContext
2024-07-17 18:27:59 - HikariPool-1 - Starting...
2024-07-17 18:27:59 - HikariPool-1 - Added connection org.postgresql.jdbc.PgConnection@7c8df667
2024-07-17 18:27:59 - HikariPool-1 - Start completed.
2024-07-17 18:28:03 - spring.jpa.open-in-view is enabled by default. Therefore, database queries may be performed during view rendering. Explicitly configure spring.jpa.open-in-view to disable this warning
2024-07-17 18:28:04 - Starting ProtocolHandler ["http-nio-8080"]
2024-07-17 18:28:04 - Started BeApplication in 11.026 seconds (process running for 12.049)
2024-07-17 18:28:13 - Initializing Spring DispatcherServlet 'dispatcherServlet'
2024-07-17 18:28:31 - HikariPool-1 - Shutdown initiated...
2024-07-17 18:28:31 - HikariPool-1 - Shutdown completed.
2024-07-17 18:28:49 - Starting BeApplication using Java 21.0.1 with PID 12376 (C:\Users\QuangHuy\OneDrive - ptit.edu.vn\Desktop\GraduationThesis\Demo\be\target\classes started by QuangHuy in C:\Users\QuangHuy\OneDrive - ptit.edu.vn\Desktop\GraduationThesis\Demo\be)
2024-07-17 18:28:49 - The following 1 profile is active: "dev"
2024-07-17 18:28:53 - Initializing ProtocolHandler ["http-nio-8080"]
2024-07-17 18:28:53 - Starting service [Tomcat]
2024-07-17 18:28:53 - Starting Servlet engine: [Apache Tomcat/10.1.25]
2024-07-17 18:28:53 - Initializing Spring embedded WebApplicationContext
2024-07-17 18:28:54 - HikariPool-1 - Starting...
2024-07-17 18:28:55 - HikariPool-1 - Added connection org.postgresql.jdbc.PgConnection@be616f0
2024-07-17 18:28:55 - HikariPool-1 - Start completed.
2024-07-17 18:28:59 - spring.jpa.open-in-view is enabled by default. Therefore, database queries may be performed during view rendering. Explicitly configure spring.jpa.open-in-view to disable this warning
2024-07-17 18:29:01 - Starting ProtocolHandler ["http-nio-8080"]
2024-07-17 18:29:01 - Started BeApplication in 12.94 seconds (process running for 14.258)
2024-07-17 18:29:08 - Initializing Spring DispatcherServlet 'dispatcherServlet'
2024-07-17 18:30:16 - HikariPool-1 - Shutdown initiated...
2024-07-17 18:30:16 - HikariPool-1 - Shutdown completed.
2024-07-17 18:30:33 - Starting BeApplication using Java 21.0.1 with PID 11668 (C:\Users\QuangHuy\OneDrive - ptit.edu.vn\Desktop\GraduationThesis\Demo\be\target\classes started by QuangHuy in C:\Users\QuangHuy\OneDrive - ptit.edu.vn\Desktop\GraduationThesis\Demo\be)
2024-07-17 18:30:33 - The following 1 profile is active: "dev"
2024-07-17 18:30:38 - HikariPool-1 - Starting...
2024-07-17 18:30:38 - HikariPool-1 - Added connection org.postgresql.jdbc.PgConnection@5477d90e
2024-07-17 18:30:38 - HikariPool-1 - Start completed.
2024-07-17 18:30:42 - spring.jpa.open-in-view is enabled by default. Therefore, database queries may be performed during view rendering. Explicitly configure spring.jpa.open-in-view to disable this warning
2024-07-17 18:30:43 - Exception encountered during context initialization - cancelling refresh attempt: org.springframework.beans.factory.UnsatisfiedDependencyException: Error creating bean with name 'org.springframework.security.config.annotation.web.configuration.WebSecurityConfiguration': Unsatisfied dependency expressed through method 'setFilterChains' parameter 0: Error creating bean with name 'securityFilterChain' defined in class path resource [com/ltm/be/security/SecurityConfiguration.class]: Failed to instantiate [org.springframework.security.web.SecurityFilterChain]: Factory method 'securityFilterChain' threw exception with message: Bean named 'corsFilter' is expected to be of type 'org.springframework.web.filter.CorsFilter' but was actually of type 'org.springframework.boot.web.servlet.FilterRegistrationBean'
2024-07-17 18:30:43 - HikariPool-1 - Shutdown initiated...
2024-07-17 18:30:43 - HikariPool-1 - Shutdown completed.
2024-07-17 18:30:58 - Starting BeApplication using Java 21.0.1 with PID 12100 (C:\Users\QuangHuy\OneDrive - ptit.edu.vn\Desktop\GraduationThesis\Demo\be\target\classes started by QuangHuy in C:\Users\QuangHuy\OneDrive - ptit.edu.vn\Desktop\GraduationThesis\Demo\be)
2024-07-17 18:30:58 - The following 1 profile is active: "dev"
2024-07-17 18:31:02 - Initializing ProtocolHandler ["http-nio-8080"]
2024-07-17 18:31:02 - Starting service [Tomcat]
2024-07-17 18:31:02 - Starting Servlet engine: [Apache Tomcat/10.1.25]
2024-07-17 18:31:02 - Initializing Spring embedded WebApplicationContext
2024-07-17 18:31:03 - HikariPool-1 - Starting...
2024-07-17 18:31:03 - HikariPool-1 - Added connection org.postgresql.jdbc.PgConnection@654b899f
2024-07-17 18:31:03 - HikariPool-1 - Start completed.
2024-07-17 18:31:08 - spring.jpa.open-in-view is enabled by default. Therefore, database queries may be performed during view rendering. Explicitly configure spring.jpa.open-in-view to disable this warning
2024-07-17 18:31:08 - Exception encountered during context initialization - cancelling refresh attempt: org.springframework.beans.factory.UnsatisfiedDependencyException: Error creating bean with name 'org.springframework.security.config.annotation.web.configuration.WebSecurityConfiguration': Unsatisfied dependency expressed through method 'setFilterChains' parameter 0: Error creating bean with name 'securityFilterChain' defined in class path resource [com/ltm/be/security/SecurityConfiguration.class]: Failed to instantiate [org.springframework.security.web.SecurityFilterChain]: Factory method 'securityFilterChain' threw exception with message: Bean named 'corsFilter' is expected to be of type 'org.springframework.web.filter.CorsFilter' but was actually of type 'org.springframework.boot.web.servlet.FilterRegistrationBean'
2024-07-17 18:31:08 - HikariPool-1 - Shutdown initiated...
2024-07-17 18:31:08 - HikariPool-1 - Shutdown completed.
2024-07-17 18:31:08 - Stopping service [Tomcat]
2024-07-17 18:31:08 - Application run failed
org.springframework.beans.factory.UnsatisfiedDependencyException: Error creating bean with name 'org.springframework.security.config.annotation.web.configuration.WebSecurityConfiguration': Unsatisfied dependency expressed through method 'setFilterChains' parameter 0: Error creating bean with name 'securityFilterChain' defined in class path resource [com/ltm/be/security/SecurityConfiguration.class]: Failed to instantiate [org.springframework.security.web.SecurityFilterChain]: Factory method 'securityFilterChain' threw exception with message: Bean named 'corsFilter' is expected to be of type 'org.springframework.web.filter.CorsFilter' but was actually of type 'org.springframework.boot.web.servlet.FilterRegistrationBean'
	at org.springframework.beans.factory.annotation.AutowiredAnnotationBeanPostProcessor$AutowiredMethodElement.resolveMethodArguments(AutowiredAnnotationBeanPostProcessor.java:895)
	at org.springframework.beans.factory.annotation.AutowiredAnnotationBeanPostProcessor$AutowiredMethodElement.inject(AutowiredAnnotationBeanPostProcessor.java:848)
	at org.springframework.beans.factory.annotation.InjectionMetadata.inject(InjectionMetadata.java:145)
	at org.springframework.beans.factory.annotation.AutowiredAnnotationBeanPostProcessor.postProcessProperties(AutowiredAnnotationBeanPostProcessor.java:508)
	at org.springframework.beans.factory.support.AbstractAutowireCapableBeanFactory.populateBean(AbstractAutowireCapableBeanFactory.java:1421)
	at org.springframework.beans.factory.support.AbstractAutowireCapableBeanFactory.doCreateBean(AbstractAutowireCapableBeanFactory.java:599)
	at org.springframework.beans.factory.support.AbstractAutowireCapableBeanFactory.createBean(AbstractAutowireCapableBeanFactory.java:522)
	at org.springframework.beans.factory.support.AbstractBeanFactory.lambda$doGetBean$0(AbstractBeanFactory.java:337)
	at org.springframework.beans.factory.support.DefaultSingletonBeanRegistry.getSingleton(DefaultSingletonBeanRegistry.java:234)
	at org.springframework.beans.factory.support.AbstractBeanFactory.doGetBean(AbstractBeanFactory.java:335)
	at org.springframework.beans.factory.support.AbstractBeanFactory.getBean(AbstractBeanFactory.java:200)
	at org.springframework.beans.factory.support.DefaultListableBeanFactory.preInstantiateSingletons(DefaultListableBeanFactory.java:975)
	at org.springframework.context.support.AbstractApplicationContext.finishBeanFactoryInitialization(AbstractApplicationContext.java:962)
	at org.springframework.context.support.AbstractApplicationContext.refresh(AbstractApplicationContext.java:624)
	at org.springframework.boot.web.servlet.context.ServletWebServerApplicationContext.refresh(ServletWebServerApplicationContext.java:146)
	at org.springframework.boot.SpringApplication.refresh(SpringApplication.java:754)
	at org.springframework.boot.SpringApplication.refreshContext(SpringApplication.java:456)
	at org.springframework.boot.SpringApplication.run(SpringApplication.java:335)
	at org.springframework.boot.SpringApplication.run(SpringApplication.java:1363)
	at org.springframework.boot.SpringApplication.run(SpringApplication.java:1352)
	at com.ltm.be.BeApplication.main(BeApplication.java:10)
Caused by: org.springframework.beans.factory.BeanCreationException: Error creating bean with name 'securityFilterChain' defined in class path resource [com/ltm/be/security/SecurityConfiguration.class]: Failed to instantiate [org.springframework.security.web.SecurityFilterChain]: Factory method 'securityFilterChain' threw exception with message: Bean named 'corsFilter' is expected to be of type 'org.springframework.web.filter.CorsFilter' but was actually of type 'org.springframework.boot.web.servlet.FilterRegistrationBean'
	at org.springframework.beans.factory.support.ConstructorResolver.instantiate(ConstructorResolver.java:648)
	at org.springframework.beans.factory.support.ConstructorResolver.instantiateUsingFactoryMethod(ConstructorResolver.java:636)
	at org.springframework.beans.factory.support.AbstractAutowireCapableBeanFactory.instantiateUsingFactoryMethod(AbstractAutowireCapableBeanFactory.java:1337)
	at org.springframework.beans.factory.support.AbstractAutowireCapableBeanFactory.createBeanInstance(AbstractAutowireCapableBeanFactory.java:1167)
	at org.springframework.beans.factory.support.AbstractAutowireCapableBeanFactory.doCreateBean(AbstractAutowireCapableBeanFactory.java:562)
	at org.springframework.beans.factory.support.AbstractAutowireCapableBeanFactory.createBean(AbstractAutowireCapableBeanFactory.java:522)
	at org.springframework.beans.factory.support.AbstractBeanFactory.lambda$doGetBean$0(AbstractBeanFactory.java:337)
	at org.springframework.beans.factory.support.DefaultSingletonBeanRegistry.getSingleton(DefaultSingletonBeanRegistry.java:234)
	at org.springframework.beans.factory.support.AbstractBeanFactory.doGetBean(AbstractBeanFactory.java:335)
	at org.springframework.beans.factory.support.AbstractBeanFactory.getBean(AbstractBeanFactory.java:200)
	at org.springframework.beans.factory.config.DependencyDescriptor.resolveCandidate(DependencyDescriptor.java:254)
	at org.springframework.beans.factory.support.DefaultListableBeanFactory.addCandidateEntry(DefaultListableBeanFactory.java:1689)
	at org.springframework.beans.factory.support.DefaultListableBeanFactory.findAutowireCandidates(DefaultListableBeanFactory.java:1653)
	at org.springframework.beans.factory.support.DefaultListableBeanFactory.resolveMultipleBeanCollection(DefaultListableBeanFactory.java:1543)
	at org.springframework.beans.factory.support.DefaultListableBeanFactory.resolveMultipleBeans(DefaultListableBeanFactory.java:1511)
	at org.springframework.beans.factory.support.DefaultListableBeanFactory.doResolveDependency(DefaultListableBeanFactory.java:1392)
	at org.springframework.beans.factory.support.DefaultListableBeanFactory.resolveDependency(DefaultListableBeanFactory.java:1353)
	at org.springframework.beans.factory.annotation.AutowiredAnnotationBeanPostProcessor$AutowiredMethodElement.resolveMethodArguments(AutowiredAnnotationBeanPostProcessor.java:887)
	... 20 common frames omitted
Caused by: org.springframework.beans.BeanInstantiationException: Failed to instantiate [org.springframework.security.web.SecurityFilterChain]: Factory method 'securityFilterChain' threw exception with message: Bean named 'corsFilter' is expected to be of type 'org.springframework.web.filter.CorsFilter' but was actually of type 'org.springframework.boot.web.servlet.FilterRegistrationBean'
	at org.springframework.beans.factory.support.SimpleInstantiationStrategy.instantiate(SimpleInstantiationStrategy.java:177)
	at org.springframework.beans.factory.support.ConstructorResolver.instantiate(ConstructorResolver.java:644)
	... 37 common frames omitted
Caused by: org.springframework.beans.factory.BeanNotOfRequiredTypeException: Bean named 'corsFilter' is expected to be of type 'org.springframework.web.filter.CorsFilter' but was actually of type 'org.springframework.boot.web.servlet.FilterRegistrationBean'
	at org.springframework.beans.factory.support.AbstractBeanFactory.adaptBeanInstance(AbstractBeanFactory.java:422)
	at org.springframework.beans.factory.support.AbstractBeanFactory.doGetBean(AbstractBeanFactory.java:403)
	at org.springframework.beans.factory.support.AbstractBeanFactory.getBean(AbstractBeanFactory.java:205)
	at org.springframework.context.support.AbstractApplicationContext.getBean(AbstractApplicationContext.java:1240)
	at org.springframework.security.config.annotation.web.configurers.CorsConfigurer.getCorsFilter(CorsConfigurer.java:85)
	at org.springframework.security.config.annotation.web.configurers.CorsConfigurer.configure(CorsConfigurer.java:73)
	at org.springframework.security.config.annotation.web.configurers.CorsConfigurer.configure(CorsConfigurer.java:41)
	at org.springframework.security.config.annotation.AbstractConfiguredSecurityBuilder.configure(AbstractConfiguredSecurityBuilder.java:376)
	at org.springframework.security.config.annotation.AbstractConfiguredSecurityBuilder.doBuild(AbstractConfiguredSecurityBuilder.java:330)
	at org.springframework.security.config.annotation.AbstractSecurityBuilder.build(AbstractSecurityBuilder.java:38)
	at com.ltm.be.security.SecurityConfiguration.securityFilterChain(SecurityConfiguration.java:35)
	at com.ltm.be.security.SecurityConfiguration$$SpringCGLIB$$0.CGLIB$securityFilterChain$0(<generated>)
	at com.ltm.be.security.SecurityConfiguration$$SpringCGLIB$$FastClass$$1.invoke(<generated>)
	at org.springframework.cglib.proxy.MethodProxy.invokeSuper(MethodProxy.java:258)
	at org.springframework.context.annotation.ConfigurationClassEnhancer$BeanMethodInterceptor.intercept(ConfigurationClassEnhancer.java:348)
	at com.ltm.be.security.SecurityConfiguration$$SpringCGLIB$$0.securityFilterChain(<generated>)
	at java.base/jdk.internal.reflect.DirectMethodHandleAccessor.invoke(DirectMethodHandleAccessor.java:103)
	at java.base/java.lang.reflect.Method.invoke(Method.java:580)
	at org.springframework.beans.factory.support.SimpleInstantiationStrategy.instantiate(SimpleInstantiationStrategy.java:140)
	... 38 common frames omitted
2024-07-17 18:33:57 - Starting BeApplication using Java 21.0.1 with PID 5192 (C:\Users\QuangHuy\OneDrive - ptit.edu.vn\Desktop\GraduationThesis\Demo\be\target\classes started by QuangHuy in C:\Users\QuangHuy\OneDrive - ptit.edu.vn\Desktop\GraduationThesis\Demo\be)
2024-07-17 18:33:57 - The following 1 profile is active: "dev"
2024-07-17 18:34:01 - Initializing ProtocolHandler ["http-nio-8080"]
2024-07-17 18:34:01 - Starting service [Tomcat]
2024-07-17 18:34:01 - Starting Servlet engine: [Apache Tomcat/10.1.25]
2024-07-17 18:34:01 - Initializing Spring embedded WebApplicationContext
2024-07-17 18:34:02 - HikariPool-1 - Starting...
2024-07-17 18:34:03 - HikariPool-1 - Added connection org.postgresql.jdbc.PgConnection@498e41a4
2024-07-17 18:34:03 - HikariPool-1 - Start completed.
2024-07-17 18:34:07 - spring.jpa.open-in-view is enabled by default. Therefore, database queries may be performed during view rendering. Explicitly configure spring.jpa.open-in-view to disable this warning
2024-07-17 18:34:08 - Starting ProtocolHandler ["http-nio-8080"]
2024-07-17 18:34:08 - Started BeApplication in 11.458 seconds (process running for 12.443)
2024-07-17 18:34:19 - Initializing Spring DispatcherServlet 'dispatcherServlet'
2024-07-17 18:40:06 - HikariPool-1 - Shutdown initiated...
2024-07-17 18:40:06 - HikariPool-1 - Shutdown completed.
2024-07-17 18:40:22 - Starting BeApplication using Java 21.0.1 with PID 4184 (C:\Users\QuangHuy\OneDrive - ptit.edu.vn\Desktop\GraduationThesis\Demo\be\target\classes started by QuangHuy in C:\Users\QuangHuy\OneDrive - ptit.edu.vn\Desktop\GraduationThesis\Demo\be)
2024-07-17 18:40:22 - The following 1 profile is active: "dev"
2024-07-17 18:40:26 - Initializing ProtocolHandler ["http-nio-8080"]
2024-07-17 18:40:26 - Starting service [Tomcat]
2024-07-17 18:40:26 - Starting Servlet engine: [Apache Tomcat/10.1.25]
2024-07-17 18:40:26 - Initializing Spring embedded WebApplicationContext
2024-07-17 18:40:27 - HikariPool-1 - Starting...
2024-07-17 18:40:27 - HikariPool-1 - Added connection org.postgresql.jdbc.PgConnection@5a7e81
2024-07-17 18:40:27 - HikariPool-1 - Start completed.
2024-07-17 18:40:31 - spring.jpa.open-in-view is enabled by default. Therefore, database queries may be performed during view rendering. Explicitly configure spring.jpa.open-in-view to disable this warning
2024-07-17 18:40:32 - Starting ProtocolHandler ["http-nio-8080"]
2024-07-17 18:40:33 - Started BeApplication in 11.324 seconds (process running for 12.37)
2024-07-17 18:40:55 - Initializing Spring DispatcherServlet 'dispatcherServlet'
2024-07-17 18:42:50 - eyJhbGciOiJIUzI1NiJ9.eyJzdWIiOiJiMjBkY2NuOTEyIiwiaWF0IjoxNzIxMjEwNjM3LCJleHAiOjE3MjEyOTcwMzd9.6Kl1mP3H6NFykMHuYBg8ASHjbeLmcg1wtit4N_l4TO8
b20dccn912
2024-07-17 18:42:55 - eyJhbGciOiJIUzI1NiJ9.eyJzdWIiOiJiMjBkY2NuOTEyIiwiaWF0IjoxNzIxMjEwNjM3LCJleHAiOjE3MjEyOTcwMzd9.6Kl1mP3H6NFykMHuYBg8ASHjbeLmcg1wtit4N_l4TO8
b20dccn912
2024-07-17 18:51:16 - Resolved [org.springframework.web.HttpRequestMethodNotSupportedException: Request method 'GET' is not supported]
2024-07-17 18:53:00 - HikariPool-1 - Shutdown initiated...
2024-07-17 18:53:00 - HikariPool-1 - Shutdown completed.
2024-07-17 18:53:14 - Starting BeApplication using Java 21.0.1 with PID 15328 (C:\Users\QuangHuy\OneDrive - ptit.edu.vn\Desktop\GraduationThesis\Demo\be\target\classes started by QuangHuy in C:\Users\QuangHuy\OneDrive - ptit.edu.vn\Desktop\GraduationThesis\Demo\be)
2024-07-17 18:53:14 - The following 1 profile is active: "dev"
2024-07-17 18:53:18 - Initializing ProtocolHandler ["http-nio-8080"]
2024-07-17 18:53:18 - Starting service [Tomcat]
2024-07-17 18:53:18 - Starting Servlet engine: [Apache Tomcat/10.1.25]
2024-07-17 18:53:18 - Initializing Spring embedded WebApplicationContext
2024-07-17 18:53:19 - HikariPool-1 - Starting...
2024-07-17 18:53:19 - HikariPool-1 - Added connection org.postgresql.jdbc.PgConnection@e4b54d3
2024-07-17 18:53:19 - HikariPool-1 - Start completed.
2024-07-17 18:53:23 - spring.jpa.open-in-view is enabled by default. Therefore, database queries may be performed during view rendering. Explicitly configure spring.jpa.open-in-view to disable this warning
2024-07-17 18:53:24 - Starting ProtocolHandler ["http-nio-8080"]
2024-07-17 18:53:24 - Started BeApplication in 10.962 seconds (process running for 11.951)
2024-07-17 18:53:39 - Initializing Spring DispatcherServlet 'dispatcherServlet'
2024-07-17 18:58:54 - eyJhbGciOiJIUzI1NiJ9.eyJzdWIiOiJiMjBkY2NuMzI3IiwiaWF0IjoxNzIxMjE3NDk5LCJleHAiOjE3MjEzMDM4OTl9.jBxUhJMpkI9wyeg9DPVIPKY-_CaJR-k5X5gYlWeGo0E
b20dccn327
2024-07-17 19:07:58 - HikariPool-1 - Shutdown initiated...
2024-07-17 19:07:58 - HikariPool-1 - Shutdown completed.
2024-07-17 19:08:15 - Starting BeApplication using Java 21.0.1 with PID 12648 (C:\Users\QuangHuy\OneDrive - ptit.edu.vn\Desktop\GraduationThesis\Demo\be\target\classes started by QuangHuy in C:\Users\QuangHuy\OneDrive - ptit.edu.vn\Desktop\GraduationThesis\Demo\be)
2024-07-17 19:08:15 - The following 1 profile is active: "dev"
2024-07-17 19:08:20 - Initializing ProtocolHandler ["http-nio-8080"]
2024-07-17 19:08:20 - Starting service [Tomcat]
2024-07-17 19:08:20 - Starting Servlet engine: [Apache Tomcat/10.1.25]
2024-07-17 19:08:20 - Initializing Spring embedded WebApplicationContext
2024-07-17 19:08:21 - HikariPool-1 - Starting...
2024-07-17 19:08:22 - HikariPool-1 - Added connection org.postgresql.jdbc.PgConnection@cf08c97
2024-07-17 19:08:22 - HikariPool-1 - Start completed.
2024-07-17 19:08:26 - spring.jpa.open-in-view is enabled by default. Therefore, database queries may be performed during view rendering. Explicitly configure spring.jpa.open-in-view to disable this warning
2024-07-17 19:08:28 - Starting ProtocolHandler ["http-nio-8080"]
2024-07-17 19:08:28 - Started BeApplication in 13.248 seconds (process running for 14.359)
2024-07-17 19:08:57 - Initializing Spring DispatcherServlet 'dispatcherServlet'
2024-07-17 19:12:52 - HikariPool-1 - Shutdown initiated...
2024-07-17 19:12:52 - HikariPool-1 - Shutdown completed.
2024-07-17 19:13:07 - Starting BeApplication using Java 21.0.1 with PID 3088 (C:\Users\QuangHuy\OneDrive - ptit.edu.vn\Desktop\GraduationThesis\Demo\be\target\classes started by QuangHuy in C:\Users\QuangHuy\OneDrive - ptit.edu.vn\Desktop\GraduationThesis\Demo\be)
2024-07-17 19:13:07 - The following 1 profile is active: "dev"
2024-07-17 19:13:12 - Initializing ProtocolHandler ["http-nio-8080"]
2024-07-17 19:13:12 - Starting service [Tomcat]
2024-07-17 19:13:12 - Starting Servlet engine: [Apache Tomcat/10.1.25]
2024-07-17 19:13:12 - Initializing Spring embedded WebApplicationContext
2024-07-17 19:13:13 - HikariPool-1 - Starting...
2024-07-17 19:13:14 - HikariPool-1 - Added connection org.postgresql.jdbc.PgConnection@cf08c97
2024-07-17 19:13:14 - HikariPool-1 - Start completed.
2024-07-17 19:13:18 - spring.jpa.open-in-view is enabled by default. Therefore, database queries may be performed during view rendering. Explicitly configure spring.jpa.open-in-view to disable this warning
2024-07-17 19:13:19 - Starting ProtocolHandler ["http-nio-8080"]
2024-07-17 19:13:19 - Started BeApplication in 13.322 seconds (process running for 14.601)
2024-07-17 19:13:20 - Initializing Spring DispatcherServlet 'dispatcherServlet'
2024-07-17 19:25:06 - eyJhbGciOiJIUzI1NiJ9.eyJzdWIiOiJiMTBkY2NjMTExIiwiaWF0IjoxNzIxMjE4Njk1LCJleHAiOjE3MjEzMDUwOTV9.xcT5gPgKYQlobAnZ7DA2ztAKMz8gy05b8xjs98AYmng
b10dccc111
2024-07-17 19:25:06 - eyJhbGciOiJIUzI1NiJ9.eyJzdWIiOiJiMjBkY2NvMTIzIiwiaWF0IjoxNzIxMjE4NTY0LCJleHAiOjE3MjEzMDQ5NjR9.q2_evs5ZEbxsL0ny0LaoBCQKGb_Qa_frgjT7fkclQdw
b20dcco123
2024-07-17 19:25:07 - eyJhbGciOiJIUzI1NiJ9.eyJzdWIiOiJiMjBkY2NvMTIzIiwiaWF0IjoxNzIxMjE4NTY0LCJleHAiOjE3MjEzMDQ5NjR9.q2_evs5ZEbxsL0ny0LaoBCQKGb_Qa_frgjT7fkclQdw
b20dcco123
2024-07-17 19:25:07 - eyJhbGciOiJIUzI1NiJ9.eyJzdWIiOiJiMTBkY2NjMTExIiwiaWF0IjoxNzIxMjE4Njk1LCJleHAiOjE3MjEzMDUwOTV9.xcT5gPgKYQlobAnZ7DA2ztAKMz8gy05b8xjs98AYmng
b10dccc111
2024-07-17 19:25:27 - eyJhbGciOiJIUzI1NiJ9.eyJzdWIiOiJiMTBkY2NjMTExIiwiaWF0IjoxNzIxMjE4Njk1LCJleHAiOjE3MjEzMDUwOTV9.xcT5gPgKYQlobAnZ7DA2ztAKMz8gy05b8xjs98AYmng
b10dccc111
2024-07-17 19:25:27 - eyJhbGciOiJIUzI1NiJ9.eyJzdWIiOiJiMjBkY2NvMTIzIiwiaWF0IjoxNzIxMjE4NTY0LCJleHAiOjE3MjEzMDQ5NjR9.q2_evs5ZEbxsL0ny0LaoBCQKGb_Qa_frgjT7fkclQdw
b20dcco123
2024-07-17 19:27:15 - eyJhbGciOiJIUzI1NiJ9.eyJzdWIiOiJiMTBkY2NjMTExIiwiaWF0IjoxNzIxMjE4Njk1LCJleHAiOjE3MjEzMDUwOTV9.xcT5gPgKYQlobAnZ7DA2ztAKMz8gy05b8xjs98AYmng
b10dccc111
2024-07-17 19:27:16 - eyJhbGciOiJIUzI1NiJ9.eyJzdWIiOiJiMTBkY2NjMTExIiwiaWF0IjoxNzIxMjE4Njk1LCJleHAiOjE3MjEzMDUwOTV9.xcT5gPgKYQlobAnZ7DA2ztAKMz8gy05b8xjs98AYmng
b10dccc111
2024-07-17 19:27:27 - eyJhbGciOiJIUzI1NiJ9.eyJzdWIiOiJiMTBkY2NjMTExIiwiaWF0IjoxNzIxMjE4Njk1LCJleHAiOjE3MjEzMDUwOTV9.xcT5gPgKYQlobAnZ7DA2ztAKMz8gy05b8xjs98AYmng
b10dccc111
2024-07-17 19:28:20 - eyJhbGciOiJIUzI1NiJ9.eyJzdWIiOiJiMjBkY2NuMzI3IiwiaWF0IjoxNzIxMjE3NDk5LCJleHAiOjE3MjEzMDM4OTl9.jBxUhJMpkI9wyeg9DPVIPKY-_CaJR-k5X5gYlWeGo0E
b20dccn327
2024-07-17 19:28:20 - "string"
2024-07-17 19:28:28 - eyJhbGciOiJIUzI1NiJ9.eyJzdWIiOiJiMjBkY2NuMzI3IiwiaWF0IjoxNzIxMjE3NDk5LCJleHAiOjE3MjEzMDM4OTl9.jBxUhJMpkI9wyeg9DPVIPKY-_CaJR-k5X5gYlWeGo0E
b20dccn327
2024-07-17 19:28:28 - "string"
2024-07-17 19:29:40 - eyJhbGciOiJIUzI1NiJ9.eyJzdWIiOiJiMTBkY2NjMTExIiwiaWF0IjoxNzIxMjE4Njk1LCJleHAiOjE3MjEzMDUwOTV9.xcT5gPgKYQlobAnZ7DA2ztAKMz8gy05b8xjs98AYmng
b10dccc111
2024-07-17 19:29:40 - eyJhbGciOiJIUzI1NiJ9.eyJzdWIiOiJiMTBkY2NjMTExIiwiaWF0IjoxNzIxMjE4Njk1LCJleHAiOjE3MjEzMDUwOTV9.xcT5gPgKYQlobAnZ7DA2ztAKMz8gy05b8xjs98AYmng
b10dccc111
2024-07-17 19:30:54 - eyJhbGciOiJIUzI1NiJ9.eyJzdWIiOiJiMTBkY2NjMTExIiwiaWF0IjoxNzIxMjE4Njk1LCJleHAiOjE3MjEzMDUwOTV9.xcT5gPgKYQlobAnZ7DA2ztAKMz8gy05b8xjs98AYmng
b10dccc111
2024-07-17 19:30:54 - eyJhbGciOiJIUzI1NiJ9.eyJzdWIiOiJiMTBkY2NjMTExIiwiaWF0IjoxNzIxMjE4Njk1LCJleHAiOjE3MjEzMDUwOTV9.xcT5gPgKYQlobAnZ7DA2ztAKMz8gy05b8xjs98AYmng
b10dccc111
2024-07-17 19:31:00 - eyJhbGciOiJIUzI1NiJ9.eyJzdWIiOiJiMTBkY2NjMTExIiwiaWF0IjoxNzIxMjE4Njk1LCJleHAiOjE3MjEzMDUwOTV9.xcT5gPgKYQlobAnZ7DA2ztAKMz8gy05b8xjs98AYmng
b10dccc111
2024-07-17 19:31:02 - eyJhbGciOiJIUzI1NiJ9.eyJzdWIiOiJiMTBkY2NjMTExIiwiaWF0IjoxNzIxMjE4Njk1LCJleHAiOjE3MjEzMDUwOTV9.xcT5gPgKYQlobAnZ7DA2ztAKMz8gy05b8xjs98AYmng
b10dccc111
2024-07-17 19:31:02 - eyJhbGciOiJIUzI1NiJ9.eyJzdWIiOiJiMTBkY2NjMTExIiwiaWF0IjoxNzIxMjE4Njk1LCJleHAiOjE3MjEzMDUwOTV9.xcT5gPgKYQlobAnZ7DA2ztAKMz8gy05b8xjs98AYmng
b10dccc111
2024-07-17 19:31:05 - eyJhbGciOiJIUzI1NiJ9.eyJzdWIiOiJiMTBkY2NjMTExIiwiaWF0IjoxNzIxMjE4Njk1LCJleHAiOjE3MjEzMDUwOTV9.xcT5gPgKYQlobAnZ7DA2ztAKMz8gy05b8xjs98AYmng
b10dccc111
2024-07-17 19:31:05 - eyJhbGciOiJIUzI1NiJ9.eyJzdWIiOiJiMTBkY2NjMTExIiwiaWF0IjoxNzIxMjE4Njk1LCJleHAiOjE3MjEzMDUwOTV9.xcT5gPgKYQlobAnZ7DA2ztAKMz8gy05b8xjs98AYmng
b10dccc111
2024-07-17 19:32:04 - eyJhbGciOiJIUzI1NiJ9.eyJzdWIiOiJiMjBkY2NuMzI3IiwiaWF0IjoxNzIxMjE3NDk5LCJleHAiOjE3MjEzMDM4OTl9.jBxUhJMpkI9wyeg9DPVIPKY-_CaJR-k5X5gYlWeGo0E
b20dccn327
2024-07-17 19:32:04 - "string"
2024-07-17 19:32:14 - eyJhbGciOiJIUzI1NiJ9.eyJzdWIiOiJiMTBkY2NjMTExIiwiaWF0IjoxNzIxMjE4Njk1LCJleHAiOjE3MjEzMDUwOTV9.xcT5gPgKYQlobAnZ7DA2ztAKMz8gy05b8xjs98AYmng
b10dccc111
2024-07-17 19:32:14 - eyJhbGciOiJIUzI1NiJ9.eyJzdWIiOiJiMTBkY2NjMTExIiwiaWF0IjoxNzIxMjE4Njk1LCJleHAiOjE3MjEzMDUwOTV9.xcT5gPgKYQlobAnZ7DA2ztAKMz8gy05b8xjs98AYmng
b10dccc111
2024-07-17 19:38:58 - eyJhbGciOiJIUzI1NiJ9.eyJzdWIiOiJiMTBkY2NjMTExIiwiaWF0IjoxNzIxMjE4Njk1LCJleHAiOjE3MjEzMDUwOTV9.xcT5gPgKYQlobAnZ7DA2ztAKMz8gy05b8xjs98AYmng
b10dccc111
2024-07-17 19:38:58 - eyJhbGciOiJIUzI1NiJ9.eyJzdWIiOiJiMTBkY2NjMTExIiwiaWF0IjoxNzIxMjE4Njk1LCJleHAiOjE3MjEzMDUwOTV9.xcT5gPgKYQlobAnZ7DA2ztAKMz8gy05b8xjs98AYmng
b10dccc111
2024-07-17 19:39:03 - eyJhbGciOiJIUzI1NiJ9.eyJzdWIiOiJiMTBkY2NjMTExIiwiaWF0IjoxNzIxMjE4Njk1LCJleHAiOjE3MjEzMDUwOTV9.xcT5gPgKYQlobAnZ7DA2ztAKMz8gy05b8xjs98AYmng
b10dccc111
2024-07-17 19:39:03 - eyJhbGciOiJIUzI1NiJ9.eyJzdWIiOiJiMTBkY2NjMTExIiwiaWF0IjoxNzIxMjE4Njk1LCJleHAiOjE3MjEzMDUwOTV9.xcT5gPgKYQlobAnZ7DA2ztAKMz8gy05b8xjs98AYmng
b10dccc111
2024-07-17 19:39:09 - eyJhbGciOiJIUzI1NiJ9.eyJzdWIiOiJiMTBkY2NjMTExIiwiaWF0IjoxNzIxMjE4Njk1LCJleHAiOjE3MjEzMDUwOTV9.xcT5gPgKYQlobAnZ7DA2ztAKMz8gy05b8xjs98AYmng
b10dccc111
2024-07-17 19:39:10 - eyJhbGciOiJIUzI1NiJ9.eyJzdWIiOiJiMTBkY2NjMTExIiwiaWF0IjoxNzIxMjE4Njk1LCJleHAiOjE3MjEzMDUwOTV9.xcT5gPgKYQlobAnZ7DA2ztAKMz8gy05b8xjs98AYmng
b10dccc111
2024-07-17 19:39:15 - eyJhbGciOiJIUzI1NiJ9.eyJzdWIiOiJiMTBkY2NjMTExIiwiaWF0IjoxNzIxMjE4Njk1LCJleHAiOjE3MjEzMDUwOTV9.xcT5gPgKYQlobAnZ7DA2ztAKMz8gy05b8xjs98AYmng
b10dccc111
2024-07-17 19:39:15 - eyJhbGciOiJIUzI1NiJ9.eyJzdWIiOiJiMTBkY2NjMTExIiwiaWF0IjoxNzIxMjE4Njk1LCJleHAiOjE3MjEzMDUwOTV9.xcT5gPgKYQlobAnZ7DA2ztAKMz8gy05b8xjs98AYmng
b10dccc111
2024-07-17 19:53:31 - HikariPool-1 - Shutdown initiated...
2024-07-17 19:53:31 - HikariPool-1 - Shutdown completed.
2024-07-17 21:02:21 - Starting BeApplication using Java 21.0.1 with PID 10088 (C:\Users\QuangHuy\OneDrive - ptit.edu.vn\Desktop\GraduationThesis\Demo\be\target\classes started by QuangHuy in C:\Users\QuangHuy\OneDrive - ptit.edu.vn\Desktop\GraduationThesis\Demo\be)
2024-07-17 21:02:21 - The following 1 profile is active: "dev"
2024-07-17 21:02:25 - Initializing ProtocolHandler ["http-nio-8080"]
2024-07-17 21:02:25 - Starting service [Tomcat]
2024-07-17 21:02:25 - Starting Servlet engine: [Apache Tomcat/10.1.25]
2024-07-17 21:02:25 - Initializing Spring embedded WebApplicationContext
2024-07-17 21:02:26 - HikariPool-1 - Starting...
2024-07-17 21:02:27 - HikariPool-1 - Added connection org.postgresql.jdbc.PgConnection@35ceec81
2024-07-17 21:02:27 - HikariPool-1 - Start completed.
2024-07-17 21:02:31 - spring.jpa.open-in-view is enabled by default. Therefore, database queries may be performed during view rendering. Explicitly configure spring.jpa.open-in-view to disable this warning
2024-07-17 21:02:32 - Starting ProtocolHandler ["http-nio-8080"]
2024-07-17 21:02:32 - Started BeApplication in 11.392 seconds (process running for 14.175)
2024-07-17 21:09:37 - Initializing Spring DispatcherServlet 'dispatcherServlet'
2024-07-17 21:09:37 - eyJhbGciOiJIUzI1NiJ9.eyJzdWIiOiJiMTBkY2NjMTExIiwiaWF0IjoxNzIxMjE4Njk1LCJleHAiOjE3MjEzMDUwOTV9.xcT5gPgKYQlobAnZ7DA2ztAKMz8gy05b8xjs98AYmng
b10dccc111
2024-07-17 21:12:15 - eyJhbGciOiJIUzI1NiJ9.eyJzdWIiOiJiMTBkY2NjMTExIiwiaWF0IjoxNzIxMjE4Njk1LCJleHAiOjE3MjEzMDUwOTV9.xcT5gPgKYQlobAnZ7DA2ztAKMz8gy05b8xjs98AYmng
b10dccc111
2024-07-17 21:12:15 - eyJhbGciOiJIUzI1NiJ9.eyJzdWIiOiJiMTBkY2NjMTExIiwiaWF0IjoxNzIxMjE4Njk1LCJleHAiOjE3MjEzMDUwOTV9.xcT5gPgKYQlobAnZ7DA2ztAKMz8gy05b8xjs98AYmng
b10dccc111
2024-07-17 21:13:20 - HikariPool-1 - Shutdown initiated...
2024-07-17 21:13:20 - HikariPool-1 - Shutdown completed.
2024-07-17 21:13:39 - Starting BeApplication using Java 21.0.1 with PID 8292 (C:\Users\QuangHuy\OneDrive - ptit.edu.vn\Desktop\GraduationThesis\Demo\be\target\classes started by QuangHuy in C:\Users\QuangHuy\OneDrive - ptit.edu.vn\Desktop\GraduationThesis\Demo\be)
2024-07-17 21:13:39 - The following 1 profile is active: "dev"
2024-07-17 21:13:46 - Initializing ProtocolHandler ["http-nio-8080"]
2024-07-17 21:13:46 - Starting service [Tomcat]
2024-07-17 21:13:46 - Starting Servlet engine: [Apache Tomcat/10.1.25]
2024-07-17 21:13:46 - Initializing Spring embedded WebApplicationContext
2024-07-17 21:13:49 - HikariPool-1 - Starting...
2024-07-17 21:13:49 - HikariPool-1 - Added connection org.postgresql.jdbc.PgConnection@ca2be53
2024-07-17 21:13:49 - HikariPool-1 - Start completed.
2024-07-17 21:13:54 - spring.jpa.open-in-view is enabled by default. Therefore, database queries may be performed during view rendering. Explicitly configure spring.jpa.open-in-view to disable this warning
2024-07-17 21:13:56 - Starting ProtocolHandler ["http-nio-8080"]
2024-07-17 21:13:56 - Started BeApplication in 17.835 seconds (process running for 19.143)
2024-07-17 21:16:57 - Initializing Spring DispatcherServlet 'dispatcherServlet'
2024-07-17 21:16:57 - eyJhbGciOiJIUzI1NiJ9.eyJzdWIiOiJiMTBkY2NjMTExIiwiaWF0IjoxNzIxMjE4Njk1LCJleHAiOjE3MjEzMDUwOTV9.xcT5gPgKYQlobAnZ7DA2ztAKMz8gy05b8xjs98AYmng
b10dccc111
2024-07-17 21:16:58 - eyJhbGciOiJIUzI1NiJ9.eyJzdWIiOiJiMTBkY2NjMTExIiwiaWF0IjoxNzIxMjE4Njk1LCJleHAiOjE3MjEzMDUwOTV9.xcT5gPgKYQlobAnZ7DA2ztAKMz8gy05b8xjs98AYmng
b10dccc111
2024-07-17 21:17:00 - eyJhbGciOiJIUzI1NiJ9.eyJzdWIiOiJiMTBkY2NjMTExIiwiaWF0IjoxNzIxMjE4Njk1LCJleHAiOjE3MjEzMDUwOTV9.xcT5gPgKYQlobAnZ7DA2ztAKMz8gy05b8xjs98AYmng
b10dccc111
2024-07-17 21:17:00 - eyJhbGciOiJIUzI1NiJ9.eyJzdWIiOiJiMTBkY2NjMTExIiwiaWF0IjoxNzIxMjE4Njk1LCJleHAiOjE3MjEzMDUwOTV9.xcT5gPgKYQlobAnZ7DA2ztAKMz8gy05b8xjs98AYmng
b10dccc111
2024-07-17 21:17:13 - eyJhbGciOiJIUzI1NiJ9.eyJzdWIiOiJiMTBkY2NjMTExIiwiaWF0IjoxNzIxMjE4Njk1LCJleHAiOjE3MjEzMDUwOTV9.xcT5gPgKYQlobAnZ7DA2ztAKMz8gy05b8xjs98AYmng
b10dccc111
2024-07-17 21:17:18 - eyJhbGciOiJIUzI1NiJ9.eyJzdWIiOiJiMTBkY2NjMTExIiwiaWF0IjoxNzIxMjE4Njk1LCJleHAiOjE3MjEzMDUwOTV9.xcT5gPgKYQlobAnZ7DA2ztAKMz8gy05b8xjs98AYmng
b10dccc111
2024-07-17 21:17:18 - eyJhbGciOiJIUzI1NiJ9.eyJzdWIiOiJiMTBkY2NjMTExIiwiaWF0IjoxNzIxMjE4Njk1LCJleHAiOjE3MjEzMDUwOTV9.xcT5gPgKYQlobAnZ7DA2ztAKMz8gy05b8xjs98AYmng
b10dccc111
2024-07-17 21:18:10 - eyJhbGciOiJIUzI1NiJ9.eyJzdWIiOiJiMTBkY2NjMTExIiwiaWF0IjoxNzIxMjE4Njk1LCJleHAiOjE3MjEzMDUwOTV9.xcT5gPgKYQlobAnZ7DA2ztAKMz8gy05b8xjs98AYmng
b10dccc111
2024-07-17 21:18:10 - eyJhbGciOiJIUzI1NiJ9.eyJzdWIiOiJiMTBkY2NjMTExIiwiaWF0IjoxNzIxMjE4Njk1LCJleHAiOjE3MjEzMDUwOTV9.xcT5gPgKYQlobAnZ7DA2ztAKMz8gy05b8xjs98AYmng
b10dccc111
2024-07-17 21:18:11 - eyJhbGciOiJIUzI1NiJ9.eyJzdWIiOiJiMTBkY2NjMTExIiwiaWF0IjoxNzIxMjE4Njk1LCJleHAiOjE3MjEzMDUwOTV9.xcT5gPgKYQlobAnZ7DA2ztAKMz8gy05b8xjs98AYmng
b10dccc111
2024-07-17 21:18:11 - eyJhbGciOiJIUzI1NiJ9.eyJzdWIiOiJiMTBkY2NjMTExIiwiaWF0IjoxNzIxMjE4Njk1LCJleHAiOjE3MjEzMDUwOTV9.xcT5gPgKYQlobAnZ7DA2ztAKMz8gy05b8xjs98AYmng
b10dccc111
2024-07-17 21:18:41 - eyJhbGciOiJIUzI1NiJ9.eyJzdWIiOiJiMTBkY2NjMTExIiwiaWF0IjoxNzIxMjE4Njk1LCJleHAiOjE3MjEzMDUwOTV9.xcT5gPgKYQlobAnZ7DA2ztAKMz8gy05b8xjs98AYmng
b10dccc111
2024-07-17 21:18:41 - eyJhbGciOiJIUzI1NiJ9.eyJzdWIiOiJiMTBkY2NjMTExIiwiaWF0IjoxNzIxMjE4Njk1LCJleHAiOjE3MjEzMDUwOTV9.xcT5gPgKYQlobAnZ7DA2ztAKMz8gy05b8xjs98AYmng
b10dccc111
2024-07-17 21:18:49 - eyJhbGciOiJIUzI1NiJ9.eyJzdWIiOiJiMTBkY2NjMTExIiwiaWF0IjoxNzIxMjE4Njk1LCJleHAiOjE3MjEzMDUwOTV9.xcT5gPgKYQlobAnZ7DA2ztAKMz8gy05b8xjs98AYmng
b10dccc111
2024-07-17 21:18:49 - eyJhbGciOiJIUzI1NiJ9.eyJzdWIiOiJiMTBkY2NjMTExIiwiaWF0IjoxNzIxMjE4Njk1LCJleHAiOjE3MjEzMDUwOTV9.xcT5gPgKYQlobAnZ7DA2ztAKMz8gy05b8xjs98AYmng
b10dccc111
2024-07-17 21:18:54 - eyJhbGciOiJIUzI1NiJ9.eyJzdWIiOiJiMTBkY2NjMTExIiwiaWF0IjoxNzIxMjE4Njk1LCJleHAiOjE3MjEzMDUwOTV9.xcT5gPgKYQlobAnZ7DA2ztAKMz8gy05b8xjs98AYmng
b10dccc111
2024-07-17 21:18:54 - eyJhbGciOiJIUzI1NiJ9.eyJzdWIiOiJiMTBkY2NjMTExIiwiaWF0IjoxNzIxMjE4Njk1LCJleHAiOjE3MjEzMDUwOTV9.xcT5gPgKYQlobAnZ7DA2ztAKMz8gy05b8xjs98AYmng
b10dccc111
2024-07-17 21:18:54 - eyJhbGciOiJIUzI1NiJ9.eyJzdWIiOiJiMTBkY2NjMTExIiwiaWF0IjoxNzIxMjE4Njk1LCJleHAiOjE3MjEzMDUwOTV9.xcT5gPgKYQlobAnZ7DA2ztAKMz8gy05b8xjs98AYmng
b10dccc111
2024-07-17 21:18:54 - eyJhbGciOiJIUzI1NiJ9.eyJzdWIiOiJiMTBkY2NjMTExIiwiaWF0IjoxNzIxMjE4Njk1LCJleHAiOjE3MjEzMDUwOTV9.xcT5gPgKYQlobAnZ7DA2ztAKMz8gy05b8xjs98AYmng
b10dccc111
2024-07-17 21:19:39 - eyJhbGciOiJIUzI1NiJ9.eyJzdWIiOiJiMTBkY2NjMTExIiwiaWF0IjoxNzIxMjE4Njk1LCJleHAiOjE3MjEzMDUwOTV9.xcT5gPgKYQlobAnZ7DA2ztAKMz8gy05b8xjs98AYmng
b10dccc111
2024-07-17 21:19:39 - eyJhbGciOiJIUzI1NiJ9.eyJzdWIiOiJiMTBkY2NjMTExIiwiaWF0IjoxNzIxMjE4Njk1LCJleHAiOjE3MjEzMDUwOTV9.xcT5gPgKYQlobAnZ7DA2ztAKMz8gy05b8xjs98AYmng
b10dccc111
2024-07-17 21:20:02 - HikariPool-1 - Shutdown initiated...
2024-07-17 21:20:02 - HikariPool-1 - Shutdown completed.
2024-07-17 21:20:17 - Starting BeApplication using Java 21.0.1 with PID 5528 (C:\Users\QuangHuy\OneDrive - ptit.edu.vn\Desktop\GraduationThesis\Demo\be\target\classes started by QuangHuy in C:\Users\QuangHuy\OneDrive - ptit.edu.vn\Desktop\GraduationThesis\Demo\be)
2024-07-17 21:20:17 - The following 1 profile is active: "dev"
2024-07-17 21:20:24 - Initializing ProtocolHandler ["http-nio-8080"]
2024-07-17 21:20:24 - Starting service [Tomcat]
2024-07-17 21:20:24 - Starting Servlet engine: [Apache Tomcat/10.1.25]
2024-07-17 21:20:24 - Initializing Spring embedded WebApplicationContext
2024-07-17 21:20:26 - HikariPool-1 - Starting...
2024-07-17 21:20:26 - HikariPool-1 - Added connection org.postgresql.jdbc.PgConnection@71262020
2024-07-17 21:20:26 - HikariPool-1 - Start completed.
2024-07-17 21:20:31 - spring.jpa.open-in-view is enabled by default. Therefore, database queries may be performed during view rendering. Explicitly configure spring.jpa.open-in-view to disable this warning
2024-07-17 21:20:33 - Starting ProtocolHandler ["http-nio-8080"]
2024-07-17 21:20:33 - Started BeApplication in 17.279 seconds (process running for 18.769)
2024-07-17 21:21:01 - Initializing Spring DispatcherServlet 'dispatcherServlet'
2024-07-17 21:21:01 - eyJhbGciOiJIUzI1NiJ9.eyJzdWIiOiJiMTBkY2NjMTExIiwiaWF0IjoxNzIxMjE4Njk1LCJleHAiOjE3MjEzMDUwOTV9.xcT5gPgKYQlobAnZ7DA2ztAKMz8gy05b8xjs98AYmng
b10dccc111
2024-07-17 21:21:01 - eyJhbGciOiJIUzI1NiJ9.eyJzdWIiOiJiMTBkY2NjMTExIiwiaWF0IjoxNzIxMjE4Njk1LCJleHAiOjE3MjEzMDUwOTV9.xcT5gPgKYQlobAnZ7DA2ztAKMz8gy05b8xjs98AYmng
b10dccc111
2024-07-17 21:21:02 - eyJhbGciOiJIUzI1NiJ9.eyJzdWIiOiJiMTBkY2NjMTExIiwiaWF0IjoxNzIxMjE4Njk1LCJleHAiOjE3MjEzMDUwOTV9.xcT5gPgKYQlobAnZ7DA2ztAKMz8gy05b8xjs98AYmng
b10dccc111
2024-07-17 21:21:02 - eyJhbGciOiJIUzI1NiJ9.eyJzdWIiOiJiMTBkY2NjMTExIiwiaWF0IjoxNzIxMjE4Njk1LCJleHAiOjE3MjEzMDUwOTV9.xcT5gPgKYQlobAnZ7DA2ztAKMz8gy05b8xjs98AYmng
b10dccc111
2024-07-17 21:21:05 - eyJhbGciOiJIUzI1NiJ9.eyJzdWIiOiJiMTBkY2NjMTExIiwiaWF0IjoxNzIxMjE4Njk1LCJleHAiOjE3MjEzMDUwOTV9.xcT5gPgKYQlobAnZ7DA2ztAKMz8gy05b8xjs98AYmng
b10dccc111
2024-07-17 21:21:05 - eyJhbGciOiJIUzI1NiJ9.eyJzdWIiOiJiMTBkY2NjMTExIiwiaWF0IjoxNzIxMjE4Njk1LCJleHAiOjE3MjEzMDUwOTV9.xcT5gPgKYQlobAnZ7DA2ztAKMz8gy05b8xjs98AYmng
b10dccc111
2024-07-17 21:23:13 - HikariPool-1 - Shutdown initiated...
2024-07-17 21:23:13 - HikariPool-1 - Shutdown completed.
2024-07-17 21:23:29 - Starting BeApplication using Java 21.0.1 with PID 4696 (C:\Users\QuangHuy\OneDrive - ptit.edu.vn\Desktop\GraduationThesis\Demo\be\target\classes started by QuangHuy in C:\Users\QuangHuy\OneDrive - ptit.edu.vn\Desktop\GraduationThesis\Demo\be)
2024-07-17 21:23:29 - The following 1 profile is active: "dev"
2024-07-17 21:23:36 - Initializing ProtocolHandler ["http-nio-8080"]
2024-07-17 21:23:36 - Starting service [Tomcat]
2024-07-17 21:23:36 - Starting Servlet engine: [Apache Tomcat/10.1.25]
2024-07-17 21:23:36 - Initializing Spring embedded WebApplicationContext
2024-07-17 21:23:39 - HikariPool-1 - Starting...
2024-07-17 21:23:40 - HikariPool-1 - Added connection org.postgresql.jdbc.PgConnection@1255de25
2024-07-17 21:23:40 - HikariPool-1 - Start completed.
2024-07-17 21:23:46 - spring.jpa.open-in-view is enabled by default. Therefore, database queries may be performed during view rendering. Explicitly configure spring.jpa.open-in-view to disable this warning
2024-07-17 21:23:48 - Starting ProtocolHandler ["http-nio-8080"]
2024-07-17 21:23:48 - Started BeApplication in 20.303 seconds (process running for 21.74)
2024-07-17 21:24:19 - Initializing Spring DispatcherServlet 'dispatcherServlet'
2024-07-17 21:24:19 - /127.0.0.1 50461: b20dccn327: question: 22|19|17|23 server answer: 82, client answer: 81, status: false
2024-07-17 21:25:45 - Init duration for springdoc-openapi is: 1318 ms
2024-07-17 21:29:19 - HikariPool-1 - Shutdown initiated...
2024-07-17 21:29:19 - HikariPool-1 - Shutdown completed.
2024-07-17 21:29:42 - Starting BeApplication using Java 21.0.1 with PID 4168 (C:\Users\QuangHuy\OneDrive - ptit.edu.vn\Desktop\GraduationThesis\Demo\be\target\classes started by QuangHuy in C:\Users\QuangHuy\OneDrive - ptit.edu.vn\Desktop\GraduationThesis\Demo\be)
2024-07-17 21:29:42 - The following 1 profile is active: "dev"
2024-07-17 21:29:46 - Initializing ProtocolHandler ["http-nio-8080"]
2024-07-17 21:29:46 - Starting service [Tomcat]
2024-07-17 21:29:46 - Starting Servlet engine: [Apache Tomcat/10.1.25]
2024-07-17 21:29:46 - Initializing Spring embedded WebApplicationContext
2024-07-17 21:29:48 - HikariPool-1 - Starting...
2024-07-17 21:29:48 - HikariPool-1 - Added connection org.postgresql.jdbc.PgConnection@be616f0
2024-07-17 21:29:48 - HikariPool-1 - Start completed.
2024-07-17 21:29:53 - spring.jpa.open-in-view is enabled by default. Therefore, database queries may be performed during view rendering. Explicitly configure spring.jpa.open-in-view to disable this warning
2024-07-17 21:29:55 - Starting ProtocolHandler ["http-nio-8080"]
2024-07-17 21:29:55 - Started BeApplication in 14.37 seconds (process running for 15.598)
2024-07-17 21:30:07 - Initializing Spring DispatcherServlet 'dispatcherServlet'
2024-07-17 21:30:07 - eyJhbGciOiJIUzI1NiJ9.eyJzdWIiOiJiMTBkY2NjMTExIiwiaWF0IjoxNzIxMjE4Njk1LCJleHAiOjE3MjEzMDUwOTV9.xcT5gPgKYQlobAnZ7DA2ztAKMz8gy05b8xjs98AYmng
b10dccc111
2024-07-17 21:30:07 - eyJhbGciOiJIUzI1NiJ9.eyJzdWIiOiJiMTBkY2NjMTExIiwiaWF0IjoxNzIxMjE4Njk1LCJleHAiOjE3MjEzMDUwOTV9.xcT5gPgKYQlobAnZ7DA2ztAKMz8gy05b8xjs98AYmng
b10dccc111
2024-07-17 21:30:08 - eyJhbGciOiJIUzI1NiJ9.eyJzdWIiOiJiMTBkY2NjMTExIiwiaWF0IjoxNzIxMjE4Njk1LCJleHAiOjE3MjEzMDUwOTV9.xcT5gPgKYQlobAnZ7DA2ztAKMz8gy05b8xjs98AYmng
b10dccc111
2024-07-17 21:30:08 - eyJhbGciOiJIUzI1NiJ9.eyJzdWIiOiJiMTBkY2NjMTExIiwiaWF0IjoxNzIxMjE4Njk1LCJleHAiOjE3MjEzMDUwOTV9.xcT5gPgKYQlobAnZ7DA2ztAKMz8gy05b8xjs98AYmng
b10dccc111
2024-07-17 21:30:20 - eyJhbGciOiJIUzI1NiJ9.eyJzdWIiOiJiMTBkY2NjMTExIiwiaWF0IjoxNzIxMjE4Njk1LCJleHAiOjE3MjEzMDUwOTV9.xcT5gPgKYQlobAnZ7DA2ztAKMz8gy05b8xjs98AYmng
b10dccc111
2024-07-17 21:30:20 - eyJhbGciOiJIUzI1NiJ9.eyJzdWIiOiJiMTBkY2NjMTExIiwiaWF0IjoxNzIxMjE4Njk1LCJleHAiOjE3MjEzMDUwOTV9.xcT5gPgKYQlobAnZ7DA2ztAKMz8gy05b8xjs98AYmng
b10dccc111
2024-07-17 21:30:26 - Init duration for springdoc-openapi is: 920 ms
2024-07-17 21:31:53 - eyJhbGciOiJIUzI1NiJ9.eyJzdWIiOiJiMjBkY2NuMzI3IiwiaWF0IjoxNzIxMjI2Njk4LCJleHAiOjE3MjEzMTMwOTh9.xkbTqgGdIuNvYftgNAr6B8v-OR2UEotfoMfBDMkvX3k
b20dccn327
2024-07-17 21:32:01 - eyJhbGciOiJIUzI1NiJ9.eyJzdWIiOiJiMjBkY2NuMzI3IiwiaWF0IjoxNzIxMjI2Njk4LCJleHAiOjE3MjEzMTMwOTh9.xkbTqgGdIuNvYftgNAr6B8v-OR2UEotfoMfBDMkvX3k
b20dccn327
2024-07-17 21:33:59 - eyJhbGciOiJIUzI1NiJ9.eyJzdWIiOiJiMjBkY2NuMzI3IiwiaWF0IjoxNzIxMjI2Njk4LCJleHAiOjE3MjEzMTMwOTh9.xkbTqgGdIuNvYftgNAr6B8v-OR2UEotfoMfBDMkvX3k
b20dccn327
2024-07-17 21:34:23 - eyJhbGciOiJIUzI1NiJ9.eyJzdWIiOiJiMjBkY2NuMzI3IiwiaWF0IjoxNzIxMjI2Njk4LCJleHAiOjE3MjEzMTMwOTh9.xkbTqgGdIuNvYftgNAr6B8v-OR2UEotfoMfBDMkvX3k
b20dccn327
2024-07-17 21:34:36 - eyJhbGciOiJIUzI1NiJ9.eyJzdWIiOiJiMjBkY2NuMzI3IiwiaWF0IjoxNzIxMjI2Njk4LCJleHAiOjE3MjEzMTMwOTh9.xkbTqgGdIuNvYftgNAr6B8v-OR2UEotfoMfBDMkvX3k
b20dccn327
2024-07-17 21:36:02 - eyJhbGciOiJIUzI1NiJ9.eyJzdWIiOiJiMjBkY2NuMzI3IiwiaWF0IjoxNzIxMjI2Njk4LCJleHAiOjE3MjEzMTMwOTh9.xkbTqgGdIuNvYftgNAr6B8v-OR2UEotfoMfBDMkvX3k
b20dccn327
2024-07-17 21:36:15 - eyJhbGciOiJIUzI1NiJ9.eyJzdWIiOiJiMjBkY2NuMzI3IiwiaWF0IjoxNzIxMjI2Njk4LCJleHAiOjE3MjEzMTMwOTh9.xkbTqgGdIuNvYftgNAr6B8v-OR2UEotfoMfBDMkvX3k
b20dccn327
2024-07-17 21:36:18 - eyJhbGciOiJIUzI1NiJ9.eyJzdWIiOiJiMjBkY2NuMzI3IiwiaWF0IjoxNzIxMjI2Njk4LCJleHAiOjE3MjEzMTMwOTh9.xkbTqgGdIuNvYftgNAr6B8v-OR2UEotfoMfBDMkvX3k
b20dccn327
2024-07-17 21:36:23 - eyJhbGciOiJIUzI1NiJ9.eyJzdWIiOiJiMjBkY2NuMzI3IiwiaWF0IjoxNzIxMjI2Njk4LCJleHAiOjE3MjEzMTMwOTh9.xkbTqgGdIuNvYftgNAr6B8v-OR2UEotfoMfBDMkvX3k
b20dccn327
2024-07-17 21:36:35 - eyJhbGciOiJIUzI1NiJ9.eyJzdWIiOiJiMjBkY2NuMzI3IiwiaWF0IjoxNzIxMjI2Njk4LCJleHAiOjE3MjEzMTMwOTh9.xkbTqgGdIuNvYftgNAr6B8v-OR2UEotfoMfBDMkvX3k
b20dccn327
2024-07-17 21:37:40 - HikariPool-1 - Shutdown initiated...
2024-07-17 21:37:40 - HikariPool-1 - Shutdown completed.
2024-07-17 21:37:56 - Starting BeApplication using Java 21.0.1 with PID 12012 (C:\Users\QuangHuy\OneDrive - ptit.edu.vn\Desktop\GraduationThesis\Demo\be\target\classes started by QuangHuy in C:\Users\QuangHuy\OneDrive - ptit.edu.vn\Desktop\GraduationThesis\Demo\be)
2024-07-17 21:37:56 - The following 1 profile is active: "dev"
2024-07-17 21:38:01 - Initializing ProtocolHandler ["http-nio-8080"]
2024-07-17 21:38:01 - Starting service [Tomcat]
2024-07-17 21:38:01 - Starting Servlet engine: [Apache Tomcat/10.1.25]
2024-07-17 21:38:01 - Initializing Spring embedded WebApplicationContext
2024-07-17 21:38:02 - HikariPool-1 - Starting...
2024-07-17 21:38:03 - HikariPool-1 - Added connection org.postgresql.jdbc.PgConnection@32c0fecc
2024-07-17 21:38:03 - HikariPool-1 - Start completed.
2024-07-17 21:38:07 - spring.jpa.open-in-view is enabled by default. Therefore, database queries may be performed during view rendering. Explicitly configure spring.jpa.open-in-view to disable this warning
2024-07-17 21:38:08 - Starting ProtocolHandler ["http-nio-8080"]
2024-07-17 21:38:08 - Started BeApplication in 12.665 seconds (process running for 13.898)
2024-07-17 21:38:46 - Initializing Spring DispatcherServlet 'dispatcherServlet'
2024-07-17 21:38:46 - eyJhbGciOiJIUzI1NiJ9.eyJzdWIiOiJiMTBkY2NjMTExIiwiaWF0IjoxNzIxMjE4Njk1LCJleHAiOjE3MjEzMDUwOTV9.xcT5gPgKYQlobAnZ7DA2ztAKMz8gy05b8xjs98AYmng
b10dccc111
2024-07-17 21:38:46 - eyJhbGciOiJIUzI1NiJ9.eyJzdWIiOiJiMTBkY2NjMTExIiwiaWF0IjoxNzIxMjE4Njk1LCJleHAiOjE3MjEzMDUwOTV9.xcT5gPgKYQlobAnZ7DA2ztAKMz8gy05b8xjs98AYmng
b10dccc111
2024-07-17 21:38:47 - eyJhbGciOiJIUzI1NiJ9.eyJzdWIiOiJiMTBkY2NjMTExIiwiaWF0IjoxNzIxMjE4Njk1LCJleHAiOjE3MjEzMDUwOTV9.xcT5gPgKYQlobAnZ7DA2ztAKMz8gy05b8xjs98AYmng
b10dccc111
2024-07-17 21:38:47 - eyJhbGciOiJIUzI1NiJ9.eyJzdWIiOiJiMTBkY2NjMTExIiwiaWF0IjoxNzIxMjE4Njk1LCJleHAiOjE3MjEzMDUwOTV9.xcT5gPgKYQlobAnZ7DA2ztAKMz8gy05b8xjs98AYmng
b10dccc111
2024-07-17 21:38:49 - eyJhbGciOiJIUzI1NiJ9.eyJzdWIiOiJiMTBkY2NjMTExIiwiaWF0IjoxNzIxMjE4Njk1LCJleHAiOjE3MjEzMDUwOTV9.xcT5gPgKYQlobAnZ7DA2ztAKMz8gy05b8xjs98AYmng
b10dccc111
2024-07-17 21:38:49 - eyJhbGciOiJIUzI1NiJ9.eyJzdWIiOiJiMTBkY2NjMTExIiwiaWF0IjoxNzIxMjE4Njk1LCJleHAiOjE3MjEzMDUwOTV9.xcT5gPgKYQlobAnZ7DA2ztAKMz8gy05b8xjs98AYmng
b10dccc111
2024-07-17 21:39:20 - /127.0.0.1 50917: b20dccn327: question: 22|19|17|23 server answer: 82, client answer: 81, status: false
2024-07-17 21:39:24 - eyJhbGciOiJIUzI1NiJ9.eyJzdWIiOiJiMTBkY2NjMTExIiwiaWF0IjoxNzIxMjE4Njk1LCJleHAiOjE3MjEzMDUwOTV9.xcT5gPgKYQlobAnZ7DA2ztAKMz8gy05b8xjs98AYmng
b10dccc111
2024-07-17 21:39:24 - eyJhbGciOiJIUzI1NiJ9.eyJzdWIiOiJiMTBkY2NjMTExIiwiaWF0IjoxNzIxMjE4Njk1LCJleHAiOjE3MjEzMDUwOTV9.xcT5gPgKYQlobAnZ7DA2ztAKMz8gy05b8xjs98AYmng
b10dccc111
2024-07-17 21:39:24 - eyJhbGciOiJIUzI1NiJ9.eyJzdWIiOiJiMTBkY2NjMTExIiwiaWF0IjoxNzIxMjE4Njk1LCJleHAiOjE3MjEzMDUwOTV9.xcT5gPgKYQlobAnZ7DA2ztAKMz8gy05b8xjs98AYmng
b10dccc111
2024-07-17 21:39:24 - eyJhbGciOiJIUzI1NiJ9.eyJzdWIiOiJiMTBkY2NjMTExIiwiaWF0IjoxNzIxMjE4Njk1LCJleHAiOjE3MjEzMDUwOTV9.xcT5gPgKYQlobAnZ7DA2ztAKMz8gy05b8xjs98AYmng
b10dccc111
2024-07-17 21:42:03 - /127.0.0.1 Mã sinh viên b20dccn111 không hợp lệ!
2024-07-17 21:42:17 - eyJhbGciOiJIUzI1NiJ9.eyJzdWIiOiJiMTBkY2NjMTExIiwiaWF0IjoxNzIxMjE4Njk1LCJleHAiOjE3MjEzMDUwOTV9.xcT5gPgKYQlobAnZ7DA2ztAKMz8gy05b8xjs98AYmng
b10dccc111
2024-07-17 21:42:17 - eyJhbGciOiJIUzI1NiJ9.eyJzdWIiOiJiMTBkY2NjMTExIiwiaWF0IjoxNzIxMjE4Njk1LCJleHAiOjE3MjEzMDUwOTV9.xcT5gPgKYQlobAnZ7DA2ztAKMz8gy05b8xjs98AYmng
b10dccc111
2024-07-17 21:42:48 - HikariPool-1 - Shutdown initiated...
2024-07-17 21:42:48 - HikariPool-1 - Shutdown completed.
2024-07-17 21:43:04 - Starting BeApplication using Java 21.0.1 with PID 1168 (C:\Users\QuangHuy\OneDrive - ptit.edu.vn\Desktop\GraduationThesis\Demo\be\target\classes started by QuangHuy in C:\Users\QuangHuy\OneDrive - ptit.edu.vn\Desktop\GraduationThesis\Demo\be)
2024-07-17 21:43:04 - The following 1 profile is active: "dev"
2024-07-17 21:43:08 - Initializing ProtocolHandler ["http-nio-8080"]
2024-07-17 21:43:08 - Starting service [Tomcat]
2024-07-17 21:43:08 - Starting Servlet engine: [Apache Tomcat/10.1.25]
2024-07-17 21:43:09 - Initializing Spring embedded WebApplicationContext
2024-07-17 21:43:10 - HikariPool-1 - Starting...
2024-07-17 21:43:10 - HikariPool-1 - Added connection org.postgresql.jdbc.PgConnection@7c8df667
2024-07-17 21:43:10 - HikariPool-1 - Start completed.
2024-07-17 21:43:15 - spring.jpa.open-in-view is enabled by default. Therefore, database queries may be performed during view rendering. Explicitly configure spring.jpa.open-in-view to disable this warning
2024-07-17 21:43:16 - Starting ProtocolHandler ["http-nio-8080"]
2024-07-17 21:43:16 - Started BeApplication in 12.924 seconds (process running for 14.472)
2024-07-17 21:43:18 - Initializing Spring DispatcherServlet 'dispatcherServlet'
2024-07-17 21:43:20 - Init duration for springdoc-openapi is: 885 ms
2024-07-17 22:11:35 - /127.0.0.1 52286: b20dccn327: question: 22|19|17|23 server answer: 82, client answer: 81, status: false
2024-07-17 22:13:58 - /127.0.0.1 52408: b20dccn327: question: 22|19|17|23 server answer: 82, client answer: 81, status: false
